

Started GET "/" for 0:0:0:0:0:0:0:1 at 2014-01-17 12:59:02 -0600
Processing by Rails::WelcomeController#index as HTML
  Rendered C:/jruby-1.7.10/lib/ruby/gems/shared/gems/railties-4.1.0.beta1/lib/rails/templates/rails/welcome/index.html.erb (39.0ms)
Completed 200 OK in 1304ms (Views: 155.0ms | ActiveRecord: 0.0ms)


Started GET "/rails/info/properties" for 0:0:0:0:0:0:0:1 at 2014-01-17 12:59:14 -0600
Processing by Rails::InfoController#properties as */*
  [1m[36m (19.0ms)[0m  [1mSELECT name FROM sqlite_master WHERE type = 'table' AND name = "schema_migrations"[0m
  Rendered C:/jruby-1.7.10/lib/ruby/gems/shared/gems/railties-4.1.0.beta1/lib/rails/templates/rails/info/properties.html.erb (2.0ms)
Completed 200 OK in 381ms (Views: 44.0ms | ActiveRecord: 19.0ms)


Started GET "/" for 0:0:0:0:0:0:0:1 at 2014-01-21 13:07:14 -0600
Processing by Rails::WelcomeController#index as HTML
  Rendered C:/jruby-1.7.10/lib/ruby/gems/shared/gems/railties-4.1.0.beta1/lib/rails/templates/rails/welcome/index.html.erb (27.0ms)
Completed 200 OK in 1094ms (Views: 117.0ms | ActiveRecord: 0.0ms)


Started GET "/" for 0:0:0:0:0:0:0:1 at 2014-01-21 13:07:38 -0600
Processing by Rails::WelcomeController#index as HTML
  Rendered C:/jruby-1.7.10/lib/ruby/gems/shared/gems/railties-4.1.0.beta1/lib/rails/templates/rails/welcome/index.html.erb (0.0ms)
Completed 200 OK in 12ms (Views: 9.0ms | ActiveRecord: 0.0ms)


Started GET "/" for 0:0:0:0:0:0:0:1 at 2014-01-21 13:16:21 -0600
Processing by Rails::WelcomeController#index as HTML
  Rendered C:/jruby-1.7.10/lib/ruby/gems/shared/gems/railties-4.1.0.beta1/lib/rails/templates/rails/welcome/index.html.erb (15.0ms)
Completed 200 OK in 1150ms (Views: 60.0ms | ActiveRecord: 0.0ms)


Started GET "/home" for 0:0:0:0:0:0:0:1 at 2014-01-21 13:16:31 -0600

ActionController::RoutingError (No route matches [GET] "/home"):
  actionpack (4.1.0.beta1) lib/action_dispatch/middleware/debug_exceptions.rb:21:in `call'
  actionpack (4.1.0.beta1) lib/action_dispatch/middleware/show_exceptions.rb:30:in `call'
  railties (4.1.0.beta1) lib/rails/rack/logger.rb:38:in `call_app'
  railties (4.1.0.beta1) lib/rails/rack/logger.rb:20:in `call'
  activesupport (4.1.0.beta1) lib/active_support/tagged_logging.rb:68:in `tagged'
  activesupport (4.1.0.beta1) lib/active_support/tagged_logging.rb:26:in `tagged'
  activesupport (4.1.0.beta1) lib/active_support/tagged_logging.rb:68:in `tagged'
  railties (4.1.0.beta1) lib/rails/rack/logger.rb:20:in `call'
  actionpack (4.1.0.beta1) lib/action_dispatch/middleware/request_id.rb:21:in `call'
  rack (1.5.2) lib/rack/methodoverride.rb:21:in `call'
  rack (1.5.2) lib/rack/runtime.rb:17:in `call'
  activesupport (4.1.0.beta1) lib/active_support/cache/strategy/local_cache.rb:86:in `call'
  rack (1.5.2) lib/rack/lock.rb:17:in `call'
  actionpack (4.1.0.beta1) lib/action_dispatch/middleware/static.rb:64:in `call'
  rack (1.5.2) lib/rack/sendfile.rb:112:in `call'
  railties (4.1.0.beta1) lib/rails/engine.rb:516:in `call'
  railties (4.1.0.beta1) lib/rails/application.rb:142:in `call'
  rack (1.5.2) lib/rack/lock.rb:17:in `call'
  rack (1.5.2) lib/rack/content_length.rb:14:in `call'
  rack (1.5.2) lib/rack/handler/webrick.rb:60:in `service'
  C:/jruby-1.7.10/lib/ruby/1.9/webrick/httpserver.rb:138:in `service'
  C:/jruby-1.7.10/lib/ruby/1.9/webrick/httpserver.rb:94:in `run'
  C:/jruby-1.7.10/lib/ruby/1.9/webrick/server.rb:191:in `start_thread'


  Rendered C:/jruby-1.7.10/lib/ruby/gems/shared/gems/actionpack-4.1.0.beta1/lib/action_dispatch/middleware/templates/rescues/_trace.html.erb (6.0ms)
  Rendered C:/jruby-1.7.10/lib/ruby/gems/shared/gems/actionpack-4.1.0.beta1/lib/action_dispatch/middleware/templates/routes/_route.html.erb (5.0ms)
  Rendered C:/jruby-1.7.10/lib/ruby/gems/shared/gems/actionpack-4.1.0.beta1/lib/action_dispatch/middleware/templates/routes/_table.html.erb (77.0ms)
  Rendered C:/jruby-1.7.10/lib/ruby/gems/shared/gems/actionpack-4.1.0.beta1/lib/action_dispatch/middleware/templates/rescues/routing_error.html.erb within rescues/layout (182.0ms)


Started GET "/home/index" for 0:0:0:0:0:0:0:1 at 2014-01-21 13:16:39 -0600
Processing by HomeController#index as HTML
  Rendered home/index.html.erb within layouts/application (2.0ms)
Completed 500 Internal Server Error in 365ms

ActionView::Template::Error (couldn't find file 'angularjs'
  (in C:/proj/freemdm/app/assets/javascripts/application.js:19)):
    3: <head>
    4:   <title>Freemdm</title>
    5:   <%= stylesheet_link_tag    "application", media: "all"%>
    6:   <%= javascript_include_tag "application" %>
    7:   <%= csrf_meta_tags %>
    8: </head>
    9: <body>
  app/views/layouts/application.html.erb:6:in `_app_views_layouts_application_html_erb__1150234053_3992'


  Rendered C:/jruby-1.7.10/lib/ruby/gems/shared/gems/actionpack-4.1.0.beta1/lib/action_dispatch/middleware/templates/rescues/_trace.html.erb (7.0ms)
  Rendered C:/jruby-1.7.10/lib/ruby/gems/shared/gems/actionpack-4.1.0.beta1/lib/action_dispatch/middleware/templates/rescues/_request_and_response.html.erb (5.0ms)
  Rendered C:/jruby-1.7.10/lib/ruby/gems/shared/gems/actionpack-4.1.0.beta1/lib/action_dispatch/middleware/templates/rescues/template_error.html.erb within rescues/layout (65.0ms)


Started GET "/home/index" for 0:0:0:0:0:0:0:1 at 2014-01-21 13:18:38 -0600
Processing by HomeController#index as HTML
  Rendered home/index.html.erb within layouts/application (0.0ms)
Completed 500 Internal Server Error in 92ms

ActionView::Template::Error (couldn't find file 'angularjs'
  (in C:/proj/freemdm/app/assets/javascripts/application.js:19)):
    3: <head>
    4:   <title>Freemdm</title>
    5:   <%= stylesheet_link_tag    "application", media: "all"%>
    6:   <%= javascript_include_tag "application" %>
    7:   <%= csrf_meta_tags %>
    8: </head>
    9: <body>
  app/views/layouts/application.html.erb:6:in `_app_views_layouts_application_html_erb__1150234053_3992'


  Rendered C:/jruby-1.7.10/lib/ruby/gems/shared/gems/actionpack-4.1.0.beta1/lib/action_dispatch/middleware/templates/rescues/_trace.html.erb (7.0ms)
  Rendered C:/jruby-1.7.10/lib/ruby/gems/shared/gems/actionpack-4.1.0.beta1/lib/action_dispatch/middleware/templates/rescues/_request_and_response.html.erb (5.0ms)
  Rendered C:/jruby-1.7.10/lib/ruby/gems/shared/gems/actionpack-4.1.0.beta1/lib/action_dispatch/middleware/templates/rescues/template_error.html.erb within rescues/layout (55.0ms)


Started GET "/home/index" for 0:0:0:0:0:0:0:1 at 2014-01-21 13:18:42 -0600
Processing by HomeController#index as HTML
  Rendered home/index.html.erb within layouts/application (0.0ms)
Completed 500 Internal Server Error in 99ms

ActionView::Template::Error (couldn't find file 'angularjs'
  (in C:/proj/freemdm/app/assets/javascripts/application.js:19)):
    3: <head>
    4:   <title>Freemdm</title>
    5:   <%= stylesheet_link_tag    "application", media: "all"%>
    6:   <%= javascript_include_tag "application" %>
    7:   <%= csrf_meta_tags %>
    8: </head>
    9: <body>
  app/views/layouts/application.html.erb:6:in `_app_views_layouts_application_html_erb__1150234053_3992'


  Rendered C:/jruby-1.7.10/lib/ruby/gems/shared/gems/actionpack-4.1.0.beta1/lib/action_dispatch/middleware/templates/rescues/_trace.html.erb (10.0ms)
  Rendered C:/jruby-1.7.10/lib/ruby/gems/shared/gems/actionpack-4.1.0.beta1/lib/action_dispatch/middleware/templates/rescues/_request_and_response.html.erb (6.0ms)
  Rendered C:/jruby-1.7.10/lib/ruby/gems/shared/gems/actionpack-4.1.0.beta1/lib/action_dispatch/middleware/templates/rescues/template_error.html.erb within rescues/layout (54.0ms)


Started GET "/home/index" for 0:0:0:0:0:0:0:1 at 2014-01-21 13:19:17 -0600
Processing by HomeController#index as HTML
  Rendered home/index.html.erb within layouts/application (0.0ms)
Completed 200 OK in 9597ms (Views: 9594.0ms | ActiveRecord: 0.0ms)

OpenSSL::Cipher::CipherError (Illegal key size: possibly you need to install Java Cryptography Extension (JCE) Unlimited Strength Jurisdiction Policy Files for your JRE):
  org/jruby/ext/openssl/Cipher.java:684:in `update'
  activesupport (4.1.0.beta1) lib/active_support/message_encryptor.rb:76:in `_encrypt'
  activesupport (4.1.0.beta1) lib/active_support/message_encryptor.rb:57:in `encrypt_and_sign'
  actionpack (4.1.0.beta1) lib/action_dispatch/middleware/cookies.rb:453:in `[]='
  actionpack (4.1.0.beta1) lib/action_dispatch/middleware/session/cookie_store.rb:110:in `set_cookie'
  rack (1.5.2) lib/rack/session/abstract/id.rb:350:in `commit_session'
  rack (1.5.2) lib/rack/session/abstract/id.rb:226:in `context'
  rack (1.5.2) lib/rack/session/abstract/id.rb:220:in `call'
  actionpack (4.1.0.beta1) lib/action_dispatch/middleware/cookies.rb:486:in `call'
  activerecord (4.1.0.beta1) lib/active_record/query_cache.rb:36:in `call'
  activerecord (4.1.0.beta1) lib/active_record/connection_adapters/abstract/connection_pool.rb:621:in `call'
  activerecord (4.1.0.beta1) lib/active_record/migration.rb:380:in `call'
  actionpack (4.1.0.beta1) lib/action_dispatch/middleware/callbacks.rb:29:in `call'
  activesupport (4.1.0.beta1) lib/active_support/callbacks.rb:82:in `run_callbacks'
  actionpack (4.1.0.beta1) lib/action_dispatch/middleware/callbacks.rb:27:in `call'
  actionpack (4.1.0.beta1) lib/action_dispatch/middleware/reloader.rb:64:in `call'
  actionpack (4.1.0.beta1) lib/action_dispatch/middleware/remote_ip.rb:76:in `call'
  actionpack (4.1.0.beta1) lib/action_dispatch/middleware/debug_exceptions.rb:17:in `call'
  actionpack (4.1.0.beta1) lib/action_dispatch/middleware/show_exceptions.rb:30:in `call'
  railties (4.1.0.beta1) lib/rails/rack/logger.rb:38:in `call_app'
  railties (4.1.0.beta1) lib/rails/rack/logger.rb:20:in `call'
  activesupport (4.1.0.beta1) lib/active_support/tagged_logging.rb:68:in `tagged'
  activesupport (4.1.0.beta1) lib/active_support/tagged_logging.rb:26:in `tagged'
  activesupport (4.1.0.beta1) lib/active_support/tagged_logging.rb:68:in `tagged'
  railties (4.1.0.beta1) lib/rails/rack/logger.rb:20:in `call'
  actionpack (4.1.0.beta1) lib/action_dispatch/middleware/request_id.rb:21:in `call'
  rack (1.5.2) lib/rack/methodoverride.rb:21:in `call'
  rack (1.5.2) lib/rack/runtime.rb:17:in `call'
  activesupport (4.1.0.beta1) lib/active_support/cache/strategy/local_cache.rb:86:in `call'
  rack (1.5.2) lib/rack/lock.rb:17:in `call'
  actionpack (4.1.0.beta1) lib/action_dispatch/middleware/static.rb:64:in `call'
  rack (1.5.2) lib/rack/sendfile.rb:112:in `call'
  railties (4.1.0.beta1) lib/rails/engine.rb:516:in `call'
  railties (4.1.0.beta1) lib/rails/application.rb:142:in `call'
  rack (1.5.2) lib/rack/lock.rb:17:in `call'
  rack (1.5.2) lib/rack/content_length.rb:14:in `call'
  rack (1.5.2) lib/rack/handler/webrick.rb:60:in `service'
  C:/jruby-1.7.10/lib/ruby/1.9/webrick/httpserver.rb:138:in `service'
  C:/jruby-1.7.10/lib/ruby/1.9/webrick/httpserver.rb:94:in `run'
  C:/jruby-1.7.10/lib/ruby/1.9/webrick/server.rb:191:in `start_thread'


  Rendered C:/jruby-1.7.10/lib/ruby/gems/shared/gems/actionpack-4.1.0.beta1/lib/action_dispatch/middleware/templates/rescues/_source.erb (8.0ms)
  Rendered C:/jruby-1.7.10/lib/ruby/gems/shared/gems/actionpack-4.1.0.beta1/lib/action_dispatch/middleware/templates/rescues/_trace.html.erb (14.0ms)
  Rendered C:/jruby-1.7.10/lib/ruby/gems/shared/gems/actionpack-4.1.0.beta1/lib/action_dispatch/middleware/templates/rescues/_request_and_response.html.erb (12.0ms)
  Rendered C:/jruby-1.7.10/lib/ruby/gems/shared/gems/actionpack-4.1.0.beta1/lib/action_dispatch/middleware/templates/rescues/diagnostics.erb within rescues/layout (118.0ms)


Started GET "/home/index" for 0:0:0:0:0:0:0:1 at 2014-01-21 13:23:49 -0600
Processing by HomeController#index as HTML
  Rendered home/index.html.erb within layouts/application (0.0ms)
Completed 200 OK in 31ms (Views: 29.0ms | ActiveRecord: 0.0ms)

OpenSSL::Cipher::CipherError (Illegal key size: possibly you need to install Java Cryptography Extension (JCE) Unlimited Strength Jurisdiction Policy Files for your JRE):
  org/jruby/ext/openssl/Cipher.java:684:in `update'
  activesupport (4.1.0.beta1) lib/active_support/message_encryptor.rb:76:in `_encrypt'
  activesupport (4.1.0.beta1) lib/active_support/message_encryptor.rb:57:in `encrypt_and_sign'
  actionpack (4.1.0.beta1) lib/action_dispatch/middleware/cookies.rb:453:in `[]='
  actionpack (4.1.0.beta1) lib/action_dispatch/middleware/session/cookie_store.rb:110:in `set_cookie'
  rack (1.5.2) lib/rack/session/abstract/id.rb:350:in `commit_session'
  rack (1.5.2) lib/rack/session/abstract/id.rb:226:in `context'
  rack (1.5.2) lib/rack/session/abstract/id.rb:220:in `call'
  actionpack (4.1.0.beta1) lib/action_dispatch/middleware/cookies.rb:486:in `call'
  activerecord (4.1.0.beta1) lib/active_record/query_cache.rb:36:in `call'
  activerecord (4.1.0.beta1) lib/active_record/connection_adapters/abstract/connection_pool.rb:621:in `call'
  activerecord (4.1.0.beta1) lib/active_record/migration.rb:380:in `call'
  actionpack (4.1.0.beta1) lib/action_dispatch/middleware/callbacks.rb:29:in `call'
  activesupport (4.1.0.beta1) lib/active_support/callbacks.rb:82:in `run_callbacks'
  actionpack (4.1.0.beta1) lib/action_dispatch/middleware/callbacks.rb:27:in `call'
  actionpack (4.1.0.beta1) lib/action_dispatch/middleware/reloader.rb:64:in `call'
  actionpack (4.1.0.beta1) lib/action_dispatch/middleware/remote_ip.rb:76:in `call'
  actionpack (4.1.0.beta1) lib/action_dispatch/middleware/debug_exceptions.rb:17:in `call'
  actionpack (4.1.0.beta1) lib/action_dispatch/middleware/show_exceptions.rb:30:in `call'
  railties (4.1.0.beta1) lib/rails/rack/logger.rb:38:in `call_app'
  railties (4.1.0.beta1) lib/rails/rack/logger.rb:20:in `call'
  activesupport (4.1.0.beta1) lib/active_support/tagged_logging.rb:68:in `tagged'
  activesupport (4.1.0.beta1) lib/active_support/tagged_logging.rb:26:in `tagged'
  activesupport (4.1.0.beta1) lib/active_support/tagged_logging.rb:68:in `tagged'
  railties (4.1.0.beta1) lib/rails/rack/logger.rb:20:in `call'
  actionpack (4.1.0.beta1) lib/action_dispatch/middleware/request_id.rb:21:in `call'
  rack (1.5.2) lib/rack/methodoverride.rb:21:in `call'
  rack (1.5.2) lib/rack/runtime.rb:17:in `call'
  activesupport (4.1.0.beta1) lib/active_support/cache/strategy/local_cache.rb:86:in `call'
  rack (1.5.2) lib/rack/lock.rb:17:in `call'
  actionpack (4.1.0.beta1) lib/action_dispatch/middleware/static.rb:64:in `call'
  rack (1.5.2) lib/rack/sendfile.rb:112:in `call'
  railties (4.1.0.beta1) lib/rails/engine.rb:516:in `call'
  railties (4.1.0.beta1) lib/rails/application.rb:142:in `call'
  rack (1.5.2) lib/rack/lock.rb:17:in `call'
  rack (1.5.2) lib/rack/content_length.rb:14:in `call'
  rack (1.5.2) lib/rack/handler/webrick.rb:60:in `service'
  C:/jruby-1.7.10/lib/ruby/1.9/webrick/httpserver.rb:138:in `service'
  C:/jruby-1.7.10/lib/ruby/1.9/webrick/httpserver.rb:94:in `run'
  C:/jruby-1.7.10/lib/ruby/1.9/webrick/server.rb:191:in `start_thread'


  Rendered C:/jruby-1.7.10/lib/ruby/gems/shared/gems/actionpack-4.1.0.beta1/lib/action_dispatch/middleware/templates/rescues/_source.erb (6.0ms)
  Rendered C:/jruby-1.7.10/lib/ruby/gems/shared/gems/actionpack-4.1.0.beta1/lib/action_dispatch/middleware/templates/rescues/_trace.html.erb (6.0ms)
  Rendered C:/jruby-1.7.10/lib/ruby/gems/shared/gems/actionpack-4.1.0.beta1/lib/action_dispatch/middleware/templates/rescues/_request_and_response.html.erb (4.0ms)
  Rendered C:/jruby-1.7.10/lib/ruby/gems/shared/gems/actionpack-4.1.0.beta1/lib/action_dispatch/middleware/templates/rescues/diagnostics.erb within rescues/layout (69.0ms)


Started GET "/home/index" for 0:0:0:0:0:0:0:1 at 2014-01-21 13:23:53 -0600
Processing by HomeController#index as HTML
  Rendered home/index.html.erb within layouts/application (1.0ms)
Completed 200 OK in 29ms (Views: 26.0ms | ActiveRecord: 0.0ms)

OpenSSL::Cipher::CipherError (Illegal key size: possibly you need to install Java Cryptography Extension (JCE) Unlimited Strength Jurisdiction Policy Files for your JRE):
  org/jruby/ext/openssl/Cipher.java:684:in `update'
  activesupport (4.1.0.beta1) lib/active_support/message_encryptor.rb:76:in `_encrypt'
  activesupport (4.1.0.beta1) lib/active_support/message_encryptor.rb:57:in `encrypt_and_sign'
  actionpack (4.1.0.beta1) lib/action_dispatch/middleware/cookies.rb:453:in `[]='
  actionpack (4.1.0.beta1) lib/action_dispatch/middleware/session/cookie_store.rb:110:in `set_cookie'
  rack (1.5.2) lib/rack/session/abstract/id.rb:350:in `commit_session'
  rack (1.5.2) lib/rack/session/abstract/id.rb:226:in `context'
  rack (1.5.2) lib/rack/session/abstract/id.rb:220:in `call'
  actionpack (4.1.0.beta1) lib/action_dispatch/middleware/cookies.rb:486:in `call'
  activerecord (4.1.0.beta1) lib/active_record/query_cache.rb:36:in `call'
  activerecord (4.1.0.beta1) lib/active_record/connection_adapters/abstract/connection_pool.rb:621:in `call'
  activerecord (4.1.0.beta1) lib/active_record/migration.rb:380:in `call'
  actionpack (4.1.0.beta1) lib/action_dispatch/middleware/callbacks.rb:29:in `call'
  activesupport (4.1.0.beta1) lib/active_support/callbacks.rb:82:in `run_callbacks'
  actionpack (4.1.0.beta1) lib/action_dispatch/middleware/callbacks.rb:27:in `call'
  actionpack (4.1.0.beta1) lib/action_dispatch/middleware/reloader.rb:64:in `call'
  actionpack (4.1.0.beta1) lib/action_dispatch/middleware/remote_ip.rb:76:in `call'
  actionpack (4.1.0.beta1) lib/action_dispatch/middleware/debug_exceptions.rb:17:in `call'
  actionpack (4.1.0.beta1) lib/action_dispatch/middleware/show_exceptions.rb:30:in `call'
  railties (4.1.0.beta1) lib/rails/rack/logger.rb:38:in `call_app'
  railties (4.1.0.beta1) lib/rails/rack/logger.rb:20:in `call'
  activesupport (4.1.0.beta1) lib/active_support/tagged_logging.rb:68:in `tagged'
  activesupport (4.1.0.beta1) lib/active_support/tagged_logging.rb:26:in `tagged'
  activesupport (4.1.0.beta1) lib/active_support/tagged_logging.rb:68:in `tagged'
  railties (4.1.0.beta1) lib/rails/rack/logger.rb:20:in `call'
  actionpack (4.1.0.beta1) lib/action_dispatch/middleware/request_id.rb:21:in `call'
  rack (1.5.2) lib/rack/methodoverride.rb:21:in `call'
  rack (1.5.2) lib/rack/runtime.rb:17:in `call'
  activesupport (4.1.0.beta1) lib/active_support/cache/strategy/local_cache.rb:86:in `call'
  rack (1.5.2) lib/rack/lock.rb:17:in `call'
  actionpack (4.1.0.beta1) lib/action_dispatch/middleware/static.rb:64:in `call'
  rack (1.5.2) lib/rack/sendfile.rb:112:in `call'
  railties (4.1.0.beta1) lib/rails/engine.rb:516:in `call'
  railties (4.1.0.beta1) lib/rails/application.rb:142:in `call'
  rack (1.5.2) lib/rack/lock.rb:17:in `call'
  rack (1.5.2) lib/rack/content_length.rb:14:in `call'
  rack (1.5.2) lib/rack/handler/webrick.rb:60:in `service'
  C:/jruby-1.7.10/lib/ruby/1.9/webrick/httpserver.rb:138:in `service'
  C:/jruby-1.7.10/lib/ruby/1.9/webrick/httpserver.rb:94:in `run'
  C:/jruby-1.7.10/lib/ruby/1.9/webrick/server.rb:191:in `start_thread'


  Rendered C:/jruby-1.7.10/lib/ruby/gems/shared/gems/actionpack-4.1.0.beta1/lib/action_dispatch/middleware/templates/rescues/_source.erb (4.0ms)
  Rendered C:/jruby-1.7.10/lib/ruby/gems/shared/gems/actionpack-4.1.0.beta1/lib/action_dispatch/middleware/templates/rescues/_trace.html.erb (9.0ms)
  Rendered C:/jruby-1.7.10/lib/ruby/gems/shared/gems/actionpack-4.1.0.beta1/lib/action_dispatch/middleware/templates/rescues/_request_and_response.html.erb (5.0ms)
  Rendered C:/jruby-1.7.10/lib/ruby/gems/shared/gems/actionpack-4.1.0.beta1/lib/action_dispatch/middleware/templates/rescues/diagnostics.erb within rescues/layout (69.0ms)


Started GET "/home/index" for 0:0:0:0:0:0:0:1 at 2014-01-21 13:25:40 -0600
Processing by HomeController#index as HTML
  Rendered home/index.html.erb within layouts/application (19.0ms)
Completed 200 OK in 1293ms (Views: 335.0ms | ActiveRecord: 0.0ms)

OpenSSL::Cipher::CipherError (Illegal key size: possibly you need to install Java Cryptography Extension (JCE) Unlimited Strength Jurisdiction Policy Files for your JRE):
  org/jruby/ext/openssl/Cipher.java:684:in `update'
  activesupport (4.1.0.beta1) lib/active_support/message_encryptor.rb:76:in `_encrypt'
  activesupport (4.1.0.beta1) lib/active_support/message_encryptor.rb:57:in `encrypt_and_sign'
  actionpack (4.1.0.beta1) lib/action_dispatch/middleware/cookies.rb:453:in `[]='
  actionpack (4.1.0.beta1) lib/action_dispatch/middleware/session/cookie_store.rb:110:in `set_cookie'
  rack (1.5.2) lib/rack/session/abstract/id.rb:350:in `commit_session'
  rack (1.5.2) lib/rack/session/abstract/id.rb:226:in `context'
  rack (1.5.2) lib/rack/session/abstract/id.rb:220:in `call'
  actionpack (4.1.0.beta1) lib/action_dispatch/middleware/cookies.rb:486:in `call'
  activerecord (4.1.0.beta1) lib/active_record/query_cache.rb:36:in `call'
  activerecord (4.1.0.beta1) lib/active_record/connection_adapters/abstract/connection_pool.rb:621:in `call'
  activerecord (4.1.0.beta1) lib/active_record/migration.rb:380:in `call'
  actionpack (4.1.0.beta1) lib/action_dispatch/middleware/callbacks.rb:29:in `call'
  activesupport (4.1.0.beta1) lib/active_support/callbacks.rb:82:in `run_callbacks'
  actionpack (4.1.0.beta1) lib/action_dispatch/middleware/callbacks.rb:27:in `call'
  actionpack (4.1.0.beta1) lib/action_dispatch/middleware/reloader.rb:64:in `call'
  actionpack (4.1.0.beta1) lib/action_dispatch/middleware/remote_ip.rb:76:in `call'
  actionpack (4.1.0.beta1) lib/action_dispatch/middleware/debug_exceptions.rb:17:in `call'
  actionpack (4.1.0.beta1) lib/action_dispatch/middleware/show_exceptions.rb:30:in `call'
  railties (4.1.0.beta1) lib/rails/rack/logger.rb:38:in `call_app'
  railties (4.1.0.beta1) lib/rails/rack/logger.rb:20:in `call'
  activesupport (4.1.0.beta1) lib/active_support/tagged_logging.rb:68:in `tagged'
  activesupport (4.1.0.beta1) lib/active_support/tagged_logging.rb:26:in `tagged'
  activesupport (4.1.0.beta1) lib/active_support/tagged_logging.rb:68:in `tagged'
  railties (4.1.0.beta1) lib/rails/rack/logger.rb:20:in `call'
  actionpack (4.1.0.beta1) lib/action_dispatch/middleware/request_id.rb:21:in `call'
  rack (1.5.2) lib/rack/methodoverride.rb:21:in `call'
  rack (1.5.2) lib/rack/runtime.rb:17:in `call'
  activesupport (4.1.0.beta1) lib/active_support/cache/strategy/local_cache.rb:86:in `call'
  rack (1.5.2) lib/rack/lock.rb:17:in `call'
  actionpack (4.1.0.beta1) lib/action_dispatch/middleware/static.rb:64:in `call'
  rack (1.5.2) lib/rack/sendfile.rb:112:in `call'
  railties (4.1.0.beta1) lib/rails/engine.rb:516:in `call'
  railties (4.1.0.beta1) lib/rails/application.rb:142:in `call'
  rack (1.5.2) lib/rack/lock.rb:17:in `call'
  rack (1.5.2) lib/rack/content_length.rb:14:in `call'
  rack (1.5.2) lib/rack/handler/webrick.rb:60:in `service'
  C:/jruby-1.7.10/lib/ruby/1.9/webrick/httpserver.rb:138:in `service'
  C:/jruby-1.7.10/lib/ruby/1.9/webrick/httpserver.rb:94:in `run'
  C:/jruby-1.7.10/lib/ruby/1.9/webrick/server.rb:191:in `start_thread'


  Rendered C:/jruby-1.7.10/lib/ruby/gems/shared/gems/actionpack-4.1.0.beta1/lib/action_dispatch/middleware/templates/rescues/_source.erb (5.0ms)
  Rendered C:/jruby-1.7.10/lib/ruby/gems/shared/gems/actionpack-4.1.0.beta1/lib/action_dispatch/middleware/templates/rescues/_trace.html.erb (6.0ms)
  Rendered C:/jruby-1.7.10/lib/ruby/gems/shared/gems/actionpack-4.1.0.beta1/lib/action_dispatch/middleware/templates/rescues/_request_and_response.html.erb (6.0ms)
  Rendered C:/jruby-1.7.10/lib/ruby/gems/shared/gems/actionpack-4.1.0.beta1/lib/action_dispatch/middleware/templates/rescues/diagnostics.erb within rescues/layout (70.0ms)


Started GET "/home/index" for 0:0:0:0:0:0:0:1 at 2014-01-21 13:27:31 -0600
Processing by HomeController#index as HTML
  Rendered home/index.html.erb within layouts/application (16.0ms)
Completed 200 OK in 1276ms (Views: 340.0ms | ActiveRecord: 0.0ms)

OpenSSL::Cipher::CipherError (Illegal key size: possibly you need to install Java Cryptography Extension (JCE) Unlimited Strength Jurisdiction Policy Files for your JRE):
  org/jruby/ext/openssl/Cipher.java:684:in `update'
  activesupport (4.1.0.beta1) lib/active_support/message_encryptor.rb:76:in `_encrypt'
  activesupport (4.1.0.beta1) lib/active_support/message_encryptor.rb:57:in `encrypt_and_sign'
  actionpack (4.1.0.beta1) lib/action_dispatch/middleware/cookies.rb:453:in `[]='
  actionpack (4.1.0.beta1) lib/action_dispatch/middleware/session/cookie_store.rb:110:in `set_cookie'
  rack (1.5.2) lib/rack/session/abstract/id.rb:350:in `commit_session'
  rack (1.5.2) lib/rack/session/abstract/id.rb:226:in `context'
  rack (1.5.2) lib/rack/session/abstract/id.rb:220:in `call'
  actionpack (4.1.0.beta1) lib/action_dispatch/middleware/cookies.rb:486:in `call'
  activerecord (4.1.0.beta1) lib/active_record/query_cache.rb:36:in `call'
  activerecord (4.1.0.beta1) lib/active_record/connection_adapters/abstract/connection_pool.rb:621:in `call'
  activerecord (4.1.0.beta1) lib/active_record/migration.rb:380:in `call'
  actionpack (4.1.0.beta1) lib/action_dispatch/middleware/callbacks.rb:29:in `call'
  activesupport (4.1.0.beta1) lib/active_support/callbacks.rb:82:in `run_callbacks'
  actionpack (4.1.0.beta1) lib/action_dispatch/middleware/callbacks.rb:27:in `call'
  actionpack (4.1.0.beta1) lib/action_dispatch/middleware/reloader.rb:64:in `call'
  actionpack (4.1.0.beta1) lib/action_dispatch/middleware/remote_ip.rb:76:in `call'
  actionpack (4.1.0.beta1) lib/action_dispatch/middleware/debug_exceptions.rb:17:in `call'
  actionpack (4.1.0.beta1) lib/action_dispatch/middleware/show_exceptions.rb:30:in `call'
  railties (4.1.0.beta1) lib/rails/rack/logger.rb:38:in `call_app'
  railties (4.1.0.beta1) lib/rails/rack/logger.rb:20:in `call'
  activesupport (4.1.0.beta1) lib/active_support/tagged_logging.rb:68:in `tagged'
  activesupport (4.1.0.beta1) lib/active_support/tagged_logging.rb:26:in `tagged'
  activesupport (4.1.0.beta1) lib/active_support/tagged_logging.rb:68:in `tagged'
  railties (4.1.0.beta1) lib/rails/rack/logger.rb:20:in `call'
  actionpack (4.1.0.beta1) lib/action_dispatch/middleware/request_id.rb:21:in `call'
  rack (1.5.2) lib/rack/methodoverride.rb:21:in `call'
  rack (1.5.2) lib/rack/runtime.rb:17:in `call'
  activesupport (4.1.0.beta1) lib/active_support/cache/strategy/local_cache.rb:86:in `call'
  rack (1.5.2) lib/rack/lock.rb:17:in `call'
  actionpack (4.1.0.beta1) lib/action_dispatch/middleware/static.rb:64:in `call'
  rack (1.5.2) lib/rack/sendfile.rb:112:in `call'
  railties (4.1.0.beta1) lib/rails/engine.rb:516:in `call'
  railties (4.1.0.beta1) lib/rails/application.rb:142:in `call'
  rack (1.5.2) lib/rack/lock.rb:17:in `call'
  rack (1.5.2) lib/rack/content_length.rb:14:in `call'
  rack (1.5.2) lib/rack/handler/webrick.rb:60:in `service'
  C:/jruby-1.7.10/lib/ruby/1.9/webrick/httpserver.rb:138:in `service'
  C:/jruby-1.7.10/lib/ruby/1.9/webrick/httpserver.rb:94:in `run'
  C:/jruby-1.7.10/lib/ruby/1.9/webrick/server.rb:191:in `start_thread'


  Rendered C:/jruby-1.7.10/lib/ruby/gems/shared/gems/actionpack-4.1.0.beta1/lib/action_dispatch/middleware/templates/rescues/_source.erb (3.0ms)
  Rendered C:/jruby-1.7.10/lib/ruby/gems/shared/gems/actionpack-4.1.0.beta1/lib/action_dispatch/middleware/templates/rescues/_trace.html.erb (8.0ms)
  Rendered C:/jruby-1.7.10/lib/ruby/gems/shared/gems/actionpack-4.1.0.beta1/lib/action_dispatch/middleware/templates/rescues/_request_and_response.html.erb (6.0ms)
  Rendered C:/jruby-1.7.10/lib/ruby/gems/shared/gems/actionpack-4.1.0.beta1/lib/action_dispatch/middleware/templates/rescues/diagnostics.erb within rescues/layout (69.0ms)


Started GET "/home/index" for 0:0:0:0:0:0:0:1 at 2014-01-21 13:31:14 -0600
Processing by HomeController#index as HTML
  Rendered home/index.html.erb within layouts/application (18.0ms)
Completed 200 OK in 1373ms (Views: 394.0ms | ActiveRecord: 0.0ms)


Started GET "/assets/home.css?body=1" for 0:0:0:0:0:0:0:1 at 2014-01-21 13:31:17 -0600


Started GET "/assets/application.css?body=1" for 0:0:0:0:0:0:0:1 at 2014-01-21 13:31:17 -0600


Started GET "/assets/jquery.js?body=1" for 0:0:0:0:0:0:0:1 at 2014-01-21 13:31:17 -0600


Started GET "/assets/home.js?body=1" for 0:0:0:0:0:0:0:1 at 2014-01-21 13:31:17 -0600


Started GET "/assets/jquery_ujs.js?body=1" for 0:0:0:0:0:0:0:1 at 2014-01-21 13:31:17 -0600


Started GET "/assets/turbolinks.js?body=1" for 0:0:0:0:0:0:0:1 at 2014-01-21 13:31:17 -0600


Started GET "/assets/angular.js?body=1" for 0:0:0:0:0:0:0:1 at 2014-01-21 13:31:17 -0600


Started GET "/assets/application.js?body=1" for 0:0:0:0:0:0:0:1 at 2014-01-21 13:31:17 -0600


Started GET "/home/index" for 0:0:0:0:0:0:0:1 at 2014-01-21 13:37:05 -0600
Processing by HomeController#index as HTML
  Rendered home/index.html.erb within layouts/application (2.0ms)
Completed 200 OK in 2192ms (Views: 2187.0ms | ActiveRecord: 0.0ms)


Started GET "/assets/home.css?body=1" for 0:0:0:0:0:0:0:1 at 2014-01-21 13:37:08 -0600


Started GET "/assets/application.css?body=1" for 0:0:0:0:0:0:0:1 at 2014-01-21 13:37:08 -0600


Started GET "/assets/controllers/main/mainIndexCtrl.js?body=1" for 0:0:0:0:0:0:0:1 at 2014-01-21 13:37:08 -0600


Started GET "/assets/jquery_ujs.js?body=1" for 0:0:0:0:0:0:0:1 at 2014-01-21 13:37:08 -0600


Started GET "/assets/jquery.js?body=1" for 0:0:0:0:0:0:0:1 at 2014-01-21 13:37:08 -0600


Started GET "/assets/turbolinks.js?body=1" for 0:0:0:0:0:0:0:1 at 2014-01-21 13:37:08 -0600


Started GET "/assets/angular.js?body=1" for 0:0:0:0:0:0:0:1 at 2014-01-21 13:37:08 -0600


Started GET "/assets/home.js?body=1" for 0:0:0:0:0:0:0:1 at 2014-01-21 13:37:08 -0600


Started GET "/assets/application.js?body=1" for 0:0:0:0:0:0:0:1 at 2014-01-21 13:37:08 -0600


Started GET "/home/index" for 0:0:0:0:0:0:0:1 at 2014-01-21 13:38:11 -0600
Processing by HomeController#index as HTML
  Rendered home/index.html.erb within layouts/application (0.0ms)
Completed 200 OK in 47ms (Views: 37.0ms | ActiveRecord: 0.0ms)


Started GET "/assets/home.css?body=1" for 0:0:0:0:0:0:0:1 at 2014-01-21 13:38:11 -0600


Started GET "/assets/application.css?body=1" for 0:0:0:0:0:0:0:1 at 2014-01-21 13:38:11 -0600


Started GET "/assets/jquery_ujs.js?body=1" for 0:0:0:0:0:0:0:1 at 2014-01-21 13:38:12 -0600


Started GET "/assets/jquery.js?body=1" for 0:0:0:0:0:0:0:1 at 2014-01-21 13:38:12 -0600


Started GET "/assets/controllers/main/mainIndexCtrl.js?body=1" for 0:0:0:0:0:0:0:1 at 2014-01-21 13:38:12 -0600


Started GET "/assets/turbolinks.js?body=1" for 0:0:0:0:0:0:0:1 at 2014-01-21 13:38:12 -0600


Started GET "/assets/home.js?body=1" for 0:0:0:0:0:0:0:1 at 2014-01-21 13:38:12 -0600


Started GET "/assets/application.js?body=1" for 0:0:0:0:0:0:0:1 at 2014-01-21 13:38:12 -0600


Started GET "/assets/angular.js?body=1" for 0:0:0:0:0:0:0:1 at 2014-01-21 13:38:12 -0600


Started GET "/home/index" for 0:0:0:0:0:0:0:1 at 2014-01-21 14:28:30 -0600
Processing by HomeController#index as HTML
  Rendered home/index.html.erb within layouts/application (0.0ms)
Completed 200 OK in 51ms (Views: 44.0ms | ActiveRecord: 0.0ms)


Started GET "/assets/application.css?body=1" for 0:0:0:0:0:0:0:1 at 2014-01-21 14:28:30 -0600


Started GET "/assets/jquery_ujs.js?body=1" for 0:0:0:0:0:0:0:1 at 2014-01-21 14:28:30 -0600


Started GET "/assets/home.js?body=1" for 0:0:0:0:0:0:0:1 at 2014-01-21 14:28:30 -0600


Started GET "/assets/home.css?body=1" for 0:0:0:0:0:0:0:1 at 2014-01-21 14:28:30 -0600


Started GET "/assets/turbolinks.js?body=1" for 0:0:0:0:0:0:0:1 at 2014-01-21 14:28:30 -0600


Started GET "/assets/jquery.js?body=1" for 0:0:0:0:0:0:0:1 at 2014-01-21 14:28:30 -0600


Started GET "/assets/controllers/main/mainIndexCtrl.js?body=1" for 0:0:0:0:0:0:0:1 at 2014-01-21 14:28:30 -0600


Started GET "/assets/angular.js?body=1" for 0:0:0:0:0:0:0:1 at 2014-01-21 14:28:30 -0600


Started GET "/assets/application.js?body=1" for 0:0:0:0:0:0:0:1 at 2014-01-21 14:28:30 -0600


Started GET "/home/index" for 0:0:0:0:0:0:0:1 at 2014-01-21 14:31:25 -0600
Processing by HomeController#index as HTML
  Rendered home/index.html.erb within layouts/application (0.0ms)
Completed 200 OK in 369ms (Views: 366.0ms | ActiveRecord: 0.0ms)


Started GET "/assets/turbolinks.js?body=1" for 0:0:0:0:0:0:0:1 at 2014-01-21 14:31:25 -0600


Started GET "/assets/home.css?body=1" for 0:0:0:0:0:0:0:1 at 2014-01-21 14:31:25 -0600


Started GET "/assets/controllers/main/mainIndexCtrl.js?body=1" for 0:0:0:0:0:0:0:1 at 2014-01-21 14:31:25 -0600


Started GET "/assets/jquery.js?body=1" for 0:0:0:0:0:0:0:1 at 2014-01-21 14:31:25 -0600


Started GET "/assets/jquery_ujs.js?body=1" for 0:0:0:0:0:0:0:1 at 2014-01-21 14:31:25 -0600


Started GET "/assets/application.css?body=1" for 0:0:0:0:0:0:0:1 at 2014-01-21 14:31:25 -0600


Started GET "/assets/home.js?body=1" for 0:0:0:0:0:0:0:1 at 2014-01-21 14:31:25 -0600


Started GET "/assets/angular.js?body=1" for 0:0:0:0:0:0:0:1 at 2014-01-21 14:31:25 -0600


Started GET "/assets/application.js?body=1" for 0:0:0:0:0:0:0:1 at 2014-01-21 14:31:25 -0600


Started GET "/home/index" for 0:0:0:0:0:0:0:1 at 2014-01-21 14:31:40 -0600
Processing by HomeController#index as HTML
  Rendered home/index.html.erb within layouts/application (0.0ms)
Completed 200 OK in 289ms (Views: 284.0ms | ActiveRecord: 0.0ms)


Started GET "/assets/application.css?body=1" for 0:0:0:0:0:0:0:1 at 2014-01-21 14:31:40 -0600


Started GET "/assets/turbolinks.js?body=1" for 0:0:0:0:0:0:0:1 at 2014-01-21 14:31:40 -0600


Started GET "/assets/jquery.js?body=1" for 0:0:0:0:0:0:0:1 at 2014-01-21 14:31:40 -0600


Started GET "/assets/jquery_ujs.js?body=1" for 0:0:0:0:0:0:0:1 at 2014-01-21 14:31:40 -0600


Started GET "/assets/controllers/main/mainIndexCtrl.js?body=1" for 0:0:0:0:0:0:0:1 at 2014-01-21 14:31:40 -0600


Started GET "/assets/home.css?body=1" for 0:0:0:0:0:0:0:1 at 2014-01-21 14:31:40 -0600


Started GET "/assets/angular.js?body=1" for 0:0:0:0:0:0:0:1 at 2014-01-21 14:31:40 -0600


Started GET "/assets/home.js?body=1" for 0:0:0:0:0:0:0:1 at 2014-01-21 14:31:40 -0600


Started GET "/assets/application.js?body=1" for 0:0:0:0:0:0:0:1 at 2014-01-21 14:31:40 -0600


Started GET "/home/index" for 0:0:0:0:0:0:0:1 at 2014-01-21 14:35:01 -0600
Processing by HomeController#index as HTML
  Rendered home/index.html.erb within layouts/application (0.0ms)
Completed 200 OK in 31ms (Views: 27.0ms | ActiveRecord: 0.0ms)


Started GET "/assets/turbolinks.js?body=1" for 0:0:0:0:0:0:0:1 at 2014-01-21 14:35:01 -0600


Started GET "/assets/home.css?body=1" for 0:0:0:0:0:0:0:1 at 2014-01-21 14:35:01 -0600


Started GET "/assets/home.js?body=1" for 0:0:0:0:0:0:0:1 at 2014-01-21 14:35:01 -0600


Started GET "/assets/jquery_ujs.js?body=1" for 0:0:0:0:0:0:0:1 at 2014-01-21 14:35:01 -0600


Started GET "/assets/jquery.js?body=1" for 0:0:0:0:0:0:0:1 at 2014-01-21 14:35:01 -0600


Started GET "/assets/application.css?body=1" for 0:0:0:0:0:0:0:1 at 2014-01-21 14:35:01 -0600


Started GET "/assets/controllers/main/mainIndexCtrl.js?body=1" for 0:0:0:0:0:0:0:1 at 2014-01-21 14:35:01 -0600


Started GET "/assets/angular.js?body=1" for 0:0:0:0:0:0:0:1 at 2014-01-21 14:35:01 -0600


Started GET "/assets/application.js?body=1" for 0:0:0:0:0:0:0:1 at 2014-01-21 14:35:01 -0600


Started GET "/home/index" for 0:0:0:0:0:0:0:1 at 2014-01-21 14:48:40 -0600
Processing by HomeController#index as HTML
  Rendered home/index.html.erb within layouts/application (1.0ms)
Completed 500 Internal Server Error in 74ms

ActionView::Template::Error (couldn't find file 'twitter-bootstrap-static/bootstrap'
  (in C:/proj/freemdm/app/assets/stylesheets/bootstrap_and_overrides.css:2)):
    2: <html ng-app>
    3: <head>
    4:   <title>Freemdm</title>
    5:   <%= stylesheet_link_tag    "application", media: "all"%>
    6:   <%= javascript_include_tag "application" %>
    7:   <%= csrf_meta_tags %>
    8: </head>
  app/views/layouts/application.html.erb:5:in `_app_views_layouts_application_html_erb___479921986_5852'


  Rendered C:/jruby-1.7.10/lib/ruby/gems/shared/gems/actionpack-4.1.0.beta1/lib/action_dispatch/middleware/templates/rescues/_trace.html.erb (7.0ms)
  Rendered C:/jruby-1.7.10/lib/ruby/gems/shared/gems/actionpack-4.1.0.beta1/lib/action_dispatch/middleware/templates/rescues/_request_and_response.html.erb (6.0ms)
  Rendered C:/jruby-1.7.10/lib/ruby/gems/shared/gems/actionpack-4.1.0.beta1/lib/action_dispatch/middleware/templates/rescues/template_error.html.erb within rescues/layout (52.0ms)


Started GET "/home/index" for 0:0:0:0:0:0:0:1 at 2014-01-21 14:51:28 -0600
Processing by HomeController#index as HTML
  Rendered home/index.html.erb within layouts/application (1.0ms)
Completed 500 Internal Server Error in 55ms

ActionView::Template::Error (couldn't find file 'twitter-bootstrap-static/bootstrap'
  (in C:/proj/freemdm/app/assets/stylesheets/bootstrap_and_overrides.css:2)):
    2: <html ng-app>
    3: <head>
    4:   <title>Freemdm</title>
    5:   <%= stylesheet_link_tag    "application", media: "all"%>
    6:   <%= javascript_include_tag "application" %>
    7:   <%= csrf_meta_tags %>
    8: </head>
  app/views/layouts/application.html.erb:5:in `_app_views_layouts_application_html_erb___479921986_5852'


  Rendered C:/jruby-1.7.10/lib/ruby/gems/shared/gems/actionpack-4.1.0.beta1/lib/action_dispatch/middleware/templates/rescues/_trace.html.erb (7.0ms)
  Rendered C:/jruby-1.7.10/lib/ruby/gems/shared/gems/actionpack-4.1.0.beta1/lib/action_dispatch/middleware/templates/rescues/_request_and_response.html.erb (7.0ms)
  Rendered C:/jruby-1.7.10/lib/ruby/gems/shared/gems/actionpack-4.1.0.beta1/lib/action_dispatch/middleware/templates/rescues/template_error.html.erb within rescues/layout (64.0ms)


Started GET "/home/index" for 0:0:0:0:0:0:0:1 at 2014-01-21 14:57:09 -0600
Processing by HomeController#index as HTML
  Rendered home/index.html.erb within layouts/application (17.0ms)
Completed 200 OK in 2542ms (Views: 842.0ms | ActiveRecord: 0.0ms)


Started GET "/assets/twitter-bootstrap-static/bootstrap.css?body=1" for 0:0:0:0:0:0:0:1 at 2014-01-21 14:57:13 -0600


Started GET "/assets/twitter-bootstrap-static/fontawesome.css?body=1" for 0:0:0:0:0:0:0:1 at 2014-01-21 14:57:13 -0600


Started GET "/assets/bootstrap_and_overrides.css?body=1" for 0:0:0:0:0:0:0:1 at 2014-01-21 14:57:13 -0600


Started GET "/assets/home.css?body=1" for 0:0:0:0:0:0:0:1 at 2014-01-21 14:57:13 -0600


Started GET "/assets/application.css?body=1" for 0:0:0:0:0:0:0:1 at 2014-01-21 14:57:13 -0600


Started GET "/javascripts/application.js" for 0:0:0:0:0:0:0:1 at 2014-01-21 14:57:13 -0600

ActionController::RoutingError (No route matches [GET] "/javascripts/application.js"):
  actionpack (4.1.0.beta1) lib/action_dispatch/middleware/debug_exceptions.rb:21:in `call'
  actionpack (4.1.0.beta1) lib/action_dispatch/middleware/show_exceptions.rb:30:in `call'
  railties (4.1.0.beta1) lib/rails/rack/logger.rb:38:in `call_app'
  railties (4.1.0.beta1) lib/rails/rack/logger.rb:20:in `call'
  activesupport (4.1.0.beta1) lib/active_support/tagged_logging.rb:68:in `tagged'
  activesupport (4.1.0.beta1) lib/active_support/tagged_logging.rb:26:in `tagged'
  activesupport (4.1.0.beta1) lib/active_support/tagged_logging.rb:68:in `tagged'
  railties (4.1.0.beta1) lib/rails/rack/logger.rb:20:in `call'
  actionpack (4.1.0.beta1) lib/action_dispatch/middleware/request_id.rb:21:in `call'
  rack (1.5.2) lib/rack/methodoverride.rb:21:in `call'
  rack (1.5.2) lib/rack/runtime.rb:17:in `call'
  activesupport (4.1.0.beta1) lib/active_support/cache/strategy/local_cache.rb:86:in `call'
  rack (1.5.2) lib/rack/lock.rb:17:in `call'
  actionpack (4.1.0.beta1) lib/action_dispatch/middleware/static.rb:64:in `call'
  rack (1.5.2) lib/rack/sendfile.rb:112:in `call'
  railties (4.1.0.beta1) lib/rails/engine.rb:516:in `call'
  railties (4.1.0.beta1) lib/rails/application.rb:142:in `call'
  rack (1.5.2) lib/rack/lock.rb:17:in `call'
  rack (1.5.2) lib/rack/content_length.rb:14:in `call'
  rack (1.5.2) lib/rack/handler/webrick.rb:60:in `service'
  C:/jruby-1.7.10/lib/ruby/1.9/webrick/httpserver.rb:138:in `service'
  C:/jruby-1.7.10/lib/ruby/1.9/webrick/httpserver.rb:94:in `run'
  C:/jruby-1.7.10/lib/ruby/1.9/webrick/server.rb:191:in `start_thread'


  Rendered C:/jruby-1.7.10/lib/ruby/gems/shared/gems/actionpack-4.1.0.beta1/lib/action_dispatch/middleware/templates/rescues/_trace.html.erb (10.0ms)
  Rendered C:/jruby-1.7.10/lib/ruby/gems/shared/gems/actionpack-4.1.0.beta1/lib/action_dispatch/middleware/templates/routes/_route.html.erb (4.0ms)
  Rendered C:/jruby-1.7.10/lib/ruby/gems/shared/gems/actionpack-4.1.0.beta1/lib/action_dispatch/middleware/templates/routes/_table.html.erb (44.0ms)
  Rendered C:/jruby-1.7.10/lib/ruby/gems/shared/gems/actionpack-4.1.0.beta1/lib/action_dispatch/middleware/templates/rescues/routing_error.html.erb within rescues/layout (181.0ms)


Started GET "/assets/fontawesome-webfont.woff" for 0:0:0:0:0:0:0:1 at 2014-01-21 14:57:13 -0600


Started GET "/home/index" for 0:0:0:0:0:0:0:1 at 2014-01-21 14:57:49 -0600
Processing by HomeController#index as HTML
  Rendered home/index.html.erb within layouts/application (0.0ms)
Completed 200 OK in 101ms (Views: 97.0ms | ActiveRecord: 0.0ms)


Started GET "/assets/twitter-bootstrap-static/bootstrap.css?body=1" for 0:0:0:0:0:0:0:1 at 2014-01-21 14:57:49 -0600


Started GET "/assets/twitter-bootstrap-static/fontawesome.css?body=1" for 0:0:0:0:0:0:0:1 at 2014-01-21 14:57:50 -0600


Started GET "/assets/bootstrap_and_overrides.css?body=1" for 0:0:0:0:0:0:0:1 at 2014-01-21 14:57:50 -0600


Started GET "/assets/application.css?body=1" for 0:0:0:0:0:0:0:1 at 2014-01-21 14:57:50 -0600


Started GET "/javascripts/application.js" for 0:0:0:0:0:0:0:1 at 2014-01-21 14:57:50 -0600

ActionController::RoutingError (No route matches [GET] "/javascripts/application.js"):
  actionpack (4.1.0.beta1) lib/action_dispatch/middleware/debug_exceptions.rb:21:in `call'
  actionpack (4.1.0.beta1) lib/action_dispatch/middleware/show_exceptions.rb:30:in `call'
  railties (4.1.0.beta1) lib/rails/rack/logger.rb:38:in `call_app'
  railties (4.1.0.beta1) lib/rails/rack/logger.rb:20:in `call'
  activesupport (4.1.0.beta1) lib/active_support/tagged_logging.rb:68:in `tagged'
  activesupport (4.1.0.beta1) lib/active_support/tagged_logging.rb:26:in `tagged'
  activesupport (4.1.0.beta1) lib/active_support/tagged_logging.rb:68:in `tagged'
  railties (4.1.0.beta1) lib/rails/rack/logger.rb:20:in `call'
  actionpack (4.1.0.beta1) lib/action_dispatch/middleware/request_id.rb:21:in `call'
  rack (1.5.2) lib/rack/methodoverride.rb:21:in `call'
  rack (1.5.2) lib/rack/runtime.rb:17:in `call'
  activesupport (4.1.0.beta1) lib/active_support/cache/strategy/local_cache.rb:86:in `call'
  rack (1.5.2) lib/rack/lock.rb:17:in `call'
  actionpack (4.1.0.beta1) lib/action_dispatch/middleware/static.rb:64:in `call'
  rack (1.5.2) lib/rack/sendfile.rb:112:in `call'
  railties (4.1.0.beta1) lib/rails/engine.rb:516:in `call'
  railties (4.1.0.beta1) lib/rails/application.rb:142:in `call'
  rack (1.5.2) lib/rack/lock.rb:17:in `call'
  rack (1.5.2) lib/rack/content_length.rb:14:in `call'
  rack (1.5.2) lib/rack/handler/webrick.rb:60:in `service'
  C:/jruby-1.7.10/lib/ruby/1.9/webrick/httpserver.rb:138:in `service'
  C:/jruby-1.7.10/lib/ruby/1.9/webrick/httpserver.rb:94:in `run'
  C:/jruby-1.7.10/lib/ruby/1.9/webrick/server.rb:191:in `start_thread'


  Rendered C:/jruby-1.7.10/lib/ruby/gems/shared/gems/actionpack-4.1.0.beta1/lib/action_dispatch/middleware/templates/rescues/_trace.html.erb (8.0ms)
  Rendered C:/jruby-1.7.10/lib/ruby/gems/shared/gems/actionpack-4.1.0.beta1/lib/action_dispatch/middleware/templates/routes/_route.html.erb (5.0ms)
  Rendered C:/jruby-1.7.10/lib/ruby/gems/shared/gems/actionpack-4.1.0.beta1/lib/action_dispatch/middleware/templates/routes/_table.html.erb (7.0ms)
  Rendered C:/jruby-1.7.10/lib/ruby/gems/shared/gems/actionpack-4.1.0.beta1/lib/action_dispatch/middleware/templates/rescues/routing_error.html.erb within rescues/layout (98.0ms)


Started GET "/assets/home.css?body=1" for 0:0:0:0:0:0:0:1 at 2014-01-21 14:57:50 -0600


Started GET "/home/index" for 0:0:0:0:0:0:0:1 at 2014-01-21 15:00:12 -0600
Processing by HomeController#index as HTML
  Rendered home/index.html.erb within layouts/application (1.0ms)
Completed 200 OK in 2669ms (Views: 2663.0ms | ActiveRecord: 0.0ms)


Started GET "/assets/twitter-bootstrap-static/bootstrap.css?body=1" for 0:0:0:0:0:0:0:1 at 2014-01-21 15:00:15 -0600


Started GET "/assets/home.css?body=1" for 0:0:0:0:0:0:0:1 at 2014-01-21 15:00:15 -0600


Started GET "/assets/twitter-bootstrap-static/fontawesome.css?body=1" for 0:0:0:0:0:0:0:1 at 2014-01-21 15:00:15 -0600


Started GET "/assets/application.css?body=1" for 0:0:0:0:0:0:0:1 at 2014-01-21 15:00:15 -0600


Started GET "/assets/jquery.js?body=1" for 0:0:0:0:0:0:0:1 at 2014-01-21 15:00:15 -0600


Started GET "/assets/jquery_ujs.js?body=1" for 0:0:0:0:0:0:0:1 at 2014-01-21 15:00:15 -0600


Started GET "/assets/bootstrap_and_overrides.css?body=1" for 0:0:0:0:0:0:0:1 at 2014-01-21 15:00:15 -0600


Started GET "/assets/turbolinks.js?body=1" for 0:0:0:0:0:0:0:1 at 2014-01-21 15:00:15 -0600


Started GET "/assets/bootstrap.js?body=1" for 0:0:0:0:0:0:0:1 at 2014-01-21 15:00:15 -0600


Started GET "/assets/controllers/main/mainIndexCtrl.js?body=1" for 0:0:0:0:0:0:0:1 at 2014-01-21 15:00:15 -0600


Started GET "/assets/home.js?body=1" for 0:0:0:0:0:0:0:1 at 2014-01-21 15:00:15 -0600


Started GET "/assets/angular.js?body=1" for 0:0:0:0:0:0:0:1 at 2014-01-21 15:00:15 -0600


Started GET "/assets/application.js?body=1" for 0:0:0:0:0:0:0:1 at 2014-01-21 15:00:15 -0600


Started GET "/home/index" for 0:0:0:0:0:0:0:1 at 2014-01-21 15:02:54 -0600
Processing by HomeController#index as HTML
  Rendered home/index.html.erb within layouts/application (1.0ms)
Completed 200 OK in 70ms (Views: 64.0ms | ActiveRecord: 0.0ms)


Started GET "/assets/bootstrap_and_overrides.css?body=1" for 0:0:0:0:0:0:0:1 at 2014-01-21 15:02:55 -0600


Started GET "/assets/application.css?body=1" for 0:0:0:0:0:0:0:1 at 2014-01-21 15:02:55 -0600


Started GET "/assets/twitter-bootstrap-static/fontawesome.css?body=1" for 0:0:0:0:0:0:0:1 at 2014-01-21 15:02:55 -0600


Started GET "/assets/twitter-bootstrap-static/bootstrap.css?body=1" for 0:0:0:0:0:0:0:1 at 2014-01-21 15:02:55 -0600


Started GET "/assets/jquery.js?body=1" for 0:0:0:0:0:0:0:1 at 2014-01-21 15:02:55 -0600


Started GET "/assets/home.css?body=1" for 0:0:0:0:0:0:0:1 at 2014-01-21 15:02:55 -0600


Started GET "/assets/jquery_ujs.js?body=1" for 0:0:0:0:0:0:0:1 at 2014-01-21 15:02:55 -0600


Started GET "/assets/turbolinks.js?body=1" for 0:0:0:0:0:0:0:1 at 2014-01-21 15:02:55 -0600


Started GET "/assets/bootstrap.js?body=1" for 0:0:0:0:0:0:0:1 at 2014-01-21 15:02:55 -0600


Started GET "/assets/controllers/main/mainIndexCtrl.js?body=1" for 0:0:0:0:0:0:0:1 at 2014-01-21 15:02:55 -0600


Started GET "/assets/home.js?body=1" for 0:0:0:0:0:0:0:1 at 2014-01-21 15:02:55 -0600


Started GET "/assets/angular.js?body=1" for 0:0:0:0:0:0:0:1 at 2014-01-21 15:02:55 -0600


Started GET "/assets/application.js?body=1" for 0:0:0:0:0:0:0:1 at 2014-01-21 15:02:55 -0600


Started GET "/home/index" for 0:0:0:0:0:0:0:1 at 2014-01-21 15:03:25 -0600
Processing by HomeController#index as HTML
  Rendered home/index.html.erb within layouts/application (0.0ms)
Completed 200 OK in 282ms (Views: 278.0ms | ActiveRecord: 0.0ms)


Started GET "/assets/application.css?body=1" for 0:0:0:0:0:0:0:1 at 2014-01-21 15:03:26 -0600


Started GET "/assets/twitter-bootstrap-static/fontawesome.css?body=1" for 0:0:0:0:0:0:0:1 at 2014-01-21 15:03:26 -0600


Started GET "/assets/home.css?body=1" for 0:0:0:0:0:0:0:1 at 2014-01-21 15:03:26 -0600


Started GET "/assets/twitter-bootstrap-static/bootstrap.css?body=1" for 0:0:0:0:0:0:0:1 at 2014-01-21 15:03:26 -0600


Started GET "/assets/bootstrap_and_overrides.css?body=1" for 0:0:0:0:0:0:0:1 at 2014-01-21 15:03:26 -0600


Started GET "/assets/jquery.js?body=1" for 0:0:0:0:0:0:0:1 at 2014-01-21 15:03:26 -0600


Started GET "/assets/jquery_ujs.js?body=1" for 0:0:0:0:0:0:0:1 at 2014-01-21 15:03:26 -0600


Started GET "/assets/turbolinks.js?body=1" for 0:0:0:0:0:0:0:1 at 2014-01-21 15:03:26 -0600


Started GET "/assets/controllers/main/mainIndexCtrl.js?body=1" for 0:0:0:0:0:0:0:1 at 2014-01-21 15:03:26 -0600


Started GET "/assets/home.js?body=1" for 0:0:0:0:0:0:0:1 at 2014-01-21 15:03:26 -0600


Started GET "/assets/angular.js?body=1" for 0:0:0:0:0:0:0:1 at 2014-01-21 15:03:26 -0600


Started GET "/assets/application.js?body=1" for 0:0:0:0:0:0:0:1 at 2014-01-21 15:03:27 -0600


Started GET "/home/index" for 0:0:0:0:0:0:0:1 at 2014-01-21 20:44:55 -0600
Processing by HomeController#index as HTML
  Rendered home/index.html.erb within layouts/application (0.0ms)
Completed 200 OK in 250ms (Views: 245.0ms | ActiveRecord: 0.0ms)


Started GET "/assets/twitter-bootstrap-static/bootstrap.css?body=1" for 0:0:0:0:0:0:0:1 at 2014-01-21 20:44:56 -0600


Started GET "/assets/twitter-bootstrap-static/fontawesome.css?body=1" for 0:0:0:0:0:0:0:1 at 2014-01-21 20:44:56 -0600


Started GET "/assets/bootstrap_and_overrides.css?body=1" for 0:0:0:0:0:0:0:1 at 2014-01-21 20:44:56 -0600


Started GET "/assets/application.css?body=1" for 0:0:0:0:0:0:0:1 at 2014-01-21 20:44:56 -0600


Started GET "/assets/jquery.js?body=1" for 0:0:0:0:0:0:0:1 at 2014-01-21 20:44:56 -0600


Started GET "/assets/home.css?body=1" for 0:0:0:0:0:0:0:1 at 2014-01-21 20:44:56 -0600


Started GET "/assets/jquery_ujs.js?body=1" for 0:0:0:0:0:0:0:1 at 2014-01-21 20:44:56 -0600


Started GET "/assets/turbolinks.js?body=1" for 0:0:0:0:0:0:0:1 at 2014-01-21 20:44:56 -0600


Started GET "/assets/bootstrap.js?body=1" for 0:0:0:0:0:0:0:1 at 2014-01-21 20:44:56 -0600


Started GET "/assets/controllers/main/mainIndexCtrl.js?body=1" for 0:0:0:0:0:0:0:1 at 2014-01-21 20:44:56 -0600


Started GET "/assets/home.js?body=1" for 0:0:0:0:0:0:0:1 at 2014-01-21 20:44:56 -0600


Started GET "/assets/angular.js?body=1" for 0:0:0:0:0:0:0:1 at 2014-01-21 20:44:56 -0600


Started GET "/assets/application.js?body=1" for 0:0:0:0:0:0:0:1 at 2014-01-21 20:44:56 -0600


Started GET "/home/index" for 0:0:0:0:0:0:0:1 at 2014-01-21 20:47:38 -0600
Processing by HomeController#index as HTML
  Rendered home/index.html.erb within layouts/application (1.0ms)
Completed 200 OK in 242ms (Views: 239.0ms | ActiveRecord: 0.0ms)


Started GET "/assets/bootstrap_and_overrides.css?body=1" for 0:0:0:0:0:0:0:1 at 2014-01-21 20:47:38 -0600


Started GET "/assets/application.css?body=1" for 0:0:0:0:0:0:0:1 at 2014-01-21 20:47:38 -0600


Started GET "/assets/twitter-bootstrap-static/bootstrap.css?body=1" for 0:0:0:0:0:0:0:1 at 2014-01-21 20:47:38 -0600


Started GET "/assets/twitter-bootstrap-static/fontawesome.css?body=1" for 0:0:0:0:0:0:0:1 at 2014-01-21 20:47:38 -0600


Started GET "/assets/home.css?body=1" for 0:0:0:0:0:0:0:1 at 2014-01-21 20:47:38 -0600


Started GET "/assets/jquery.js?body=1" for 0:0:0:0:0:0:0:1 at 2014-01-21 20:47:38 -0600


Started GET "/assets/jquery_ujs.js?body=1" for 0:0:0:0:0:0:0:1 at 2014-01-21 20:47:38 -0600


Started GET "/assets/turbolinks.js?body=1" for 0:0:0:0:0:0:0:1 at 2014-01-21 20:47:38 -0600


Started GET "/assets/bootstrap.js?body=1" for 0:0:0:0:0:0:0:1 at 2014-01-21 20:47:38 -0600


Started GET "/assets/controllers/main/mainIndexCtrl.js?body=1" for 0:0:0:0:0:0:0:1 at 2014-01-21 20:47:39 -0600


Started GET "/assets/home.js?body=1" for 0:0:0:0:0:0:0:1 at 2014-01-21 20:47:39 -0600


Started GET "/assets/angular.js?body=1" for 0:0:0:0:0:0:0:1 at 2014-01-21 20:47:39 -0600


Started GET "/assets/application.js?body=1" for 0:0:0:0:0:0:0:1 at 2014-01-21 20:47:39 -0600


Started GET "/home/index" for 0:0:0:0:0:0:0:1 at 2014-01-21 20:50:04 -0600
Processing by HomeController#index as HTML
  Rendered home/index.html.erb within layouts/application (24.0ms)
Completed 200 OK in 3529ms (Views: 1082.0ms | ActiveRecord: 0.0ms)


Started GET "/assets/home.css?body=1" for 0:0:0:0:0:0:0:1 at 2014-01-21 20:50:08 -0600


Started GET "/assets/twitter-bootstrap-static/fontawesome.css?body=1" for 0:0:0:0:0:0:0:1 at 2014-01-21 20:50:08 -0600


Started GET "/assets/application.css?body=1" for 0:0:0:0:0:0:0:1 at 2014-01-21 20:50:08 -0600


Started GET "/assets/twitter-bootstrap-static/bootstrap.css?body=1" for 0:0:0:0:0:0:0:1 at 2014-01-21 20:50:09 -0600


Started GET "/assets/bootstrap_and_overrides.css?body=1" for 0:0:0:0:0:0:0:1 at 2014-01-21 20:50:09 -0600


Started GET "/assets/jquery.js?body=1" for 0:0:0:0:0:0:0:1 at 2014-01-21 20:50:09 -0600


Started GET "/assets/jquery_ujs.js?body=1" for 0:0:0:0:0:0:0:1 at 2014-01-21 20:50:09 -0600


Started GET "/assets/turbolinks.js?body=1" for 0:0:0:0:0:0:0:1 at 2014-01-21 20:50:09 -0600


Started GET "/assets/bootstrap.js?body=1" for 0:0:0:0:0:0:0:1 at 2014-01-21 20:50:09 -0600


Started GET "/assets/controllers/main/mainIndexCtrl.js?body=1" for 0:0:0:0:0:0:0:1 at 2014-01-21 20:50:09 -0600


Started GET "/assets/home.js?body=1" for 0:0:0:0:0:0:0:1 at 2014-01-21 20:50:09 -0600


Started GET "/assets/angular.js?body=1" for 0:0:0:0:0:0:0:1 at 2014-01-21 20:50:09 -0600


Started GET "/assets/application.js?body=1" for 0:0:0:0:0:0:0:1 at 2014-01-21 20:50:09 -0600


Started GET "/home/index" for 0:0:0:0:0:0:0:1 at 2014-01-21 20:58:39 -0600
Processing by HomeController#index as HTML
  Rendered home/index.html.erb within layouts/application (0.0ms)
Completed 200 OK in 194ms (Views: 149.0ms | ActiveRecord: 0.0ms)


Started GET "/assets/twitter-bootstrap-static/fontawesome.css?body=1" for 0:0:0:0:0:0:0:1 at 2014-01-21 20:58:40 -0600


Started GET "/assets/application.css?body=1" for 0:0:0:0:0:0:0:1 at 2014-01-21 20:58:40 -0600


Started GET "/assets/home.css?body=1" for 0:0:0:0:0:0:0:1 at 2014-01-21 20:58:40 -0600


Started GET "/assets/turbolinks.js?body=1" for 0:0:0:0:0:0:0:1 at 2014-01-21 20:58:40 -0600


Started GET "/assets/twitter-bootstrap-static/bootstrap.css?body=1" for 0:0:0:0:0:0:0:1 at 2014-01-21 20:58:40 -0600


Started GET "/assets/bootstrap_and_overrides.css?body=1" for 0:0:0:0:0:0:0:1 at 2014-01-21 20:58:40 -0600


Started GET "/assets/jquery.js?body=1" for 0:0:0:0:0:0:0:1 at 2014-01-21 20:58:41 -0600


Started GET "/assets/jquery_ujs.js?body=1" for 0:0:0:0:0:0:0:1 at 2014-01-21 20:58:41 -0600


Started GET "/assets/bootstrap.js?body=1" for 0:0:0:0:0:0:0:1 at 2014-01-21 20:58:41 -0600


Started GET "/assets/controllers/main/mainIndexCtrl.js?body=1" for 0:0:0:0:0:0:0:1 at 2014-01-21 20:58:41 -0600


Started GET "/assets/application.js?body=1" for 0:0:0:0:0:0:0:1 at 2014-01-21 20:58:41 -0600


Started GET "/assets/home.js?body=1" for 0:0:0:0:0:0:0:1 at 2014-01-21 20:58:41 -0600


Started GET "/assets/angular.js?body=1" for 0:0:0:0:0:0:0:1 at 2014-01-21 20:58:41 -0600


Started GET "/home/index" for 0:0:0:0:0:0:0:1 at 2014-01-21 20:59:01 -0600
Processing by HomeController#index as HTML
  Rendered home/index.html.erb within layouts/application (0.0ms)
Completed 200 OK in 407ms (Views: 398.0ms | ActiveRecord: 0.0ms)


Started GET "/assets/twitter-bootstrap-static/fontawesome.css?body=1" for 0:0:0:0:0:0:0:1 at 2014-01-21 20:59:01 -0600


Started GET "/assets/jquery.js?body=1" for 0:0:0:0:0:0:0:1 at 2014-01-21 20:59:01 -0600


Started GET "/assets/application.css?body=1" for 0:0:0:0:0:0:0:1 at 2014-01-21 20:59:01 -0600


Started GET "/assets/bootstrap_and_overrides.css?body=1" for 0:0:0:0:0:0:0:1 at 2014-01-21 20:59:01 -0600


Started GET "/assets/home.css?body=1" for 0:0:0:0:0:0:0:1 at 2014-01-21 20:59:01 -0600


Started GET "/assets/twitter-bootstrap-static/bootstrap.css?body=1" for 0:0:0:0:0:0:0:1 at 2014-01-21 20:59:02 -0600


Started GET "/assets/jquery_ujs.js?body=1" for 0:0:0:0:0:0:0:1 at 2014-01-21 20:59:02 -0600


Started GET "/assets/turbolinks.js?body=1" for 0:0:0:0:0:0:0:1 at 2014-01-21 20:59:02 -0600


Started GET "/assets/angular.js?body=1" for 0:0:0:0:0:0:0:1 at 2014-01-21 20:59:02 -0600


Started GET "/assets/bootstrap.js?body=1" for 0:0:0:0:0:0:0:1 at 2014-01-21 20:59:02 -0600


Started GET "/assets/controllers/main/mainIndexCtrl.js?body=1" for 0:0:0:0:0:0:0:1 at 2014-01-21 20:59:02 -0600


Started GET "/assets/home.js?body=1" for 0:0:0:0:0:0:0:1 at 2014-01-21 20:59:02 -0600


Started GET "/assets/application.js?body=1" for 0:0:0:0:0:0:0:1 at 2014-01-21 20:59:02 -0600


Started GET "/home/index" for 0:0:0:0:0:0:0:1 at 2014-01-21 20:59:41 -0600
Processing by HomeController#index as HTML
  Rendered home/index.html.erb within layouts/application (0.0ms)
Completed 200 OK in 104ms (Views: 101.0ms | ActiveRecord: 0.0ms)


Started GET "/assets/twitter-bootstrap-static/bootstrap.css?body=1" for 0:0:0:0:0:0:0:1 at 2014-01-21 20:59:42 -0600


Started GET "/assets/twitter-bootstrap-static/fontawesome.css?body=1" for 0:0:0:0:0:0:0:1 at 2014-01-21 20:59:42 -0600


Started GET "/assets/home.css?body=1" for 0:0:0:0:0:0:0:1 at 2014-01-21 20:59:42 -0600


Started GET "/assets/bootstrap_and_overrides.css?body=1" for 0:0:0:0:0:0:0:1 at 2014-01-21 20:59:42 -0600


Started GET "/assets/application.css?body=1" for 0:0:0:0:0:0:0:1 at 2014-01-21 20:59:42 -0600


Started GET "/assets/jquery.js?body=1" for 0:0:0:0:0:0:0:1 at 2014-01-21 20:59:42 -0600


Started GET "/assets/jquery_ujs.js?body=1" for 0:0:0:0:0:0:0:1 at 2014-01-21 20:59:42 -0600


Started GET "/assets/turbolinks.js?body=1" for 0:0:0:0:0:0:0:1 at 2014-01-21 20:59:42 -0600


Started GET "/assets/angular.js?body=1" for 0:0:0:0:0:0:0:1 at 2014-01-21 20:59:42 -0600


Started GET "/assets/bootstrap.js?body=1" for 0:0:0:0:0:0:0:1 at 2014-01-21 20:59:42 -0600


Started GET "/assets/controllers/main/mainIndexCtrl.js?body=1" for 0:0:0:0:0:0:0:1 at 2014-01-21 20:59:42 -0600


Started GET "/assets/home.js?body=1" for 0:0:0:0:0:0:0:1 at 2014-01-21 20:59:42 -0600


Started GET "/assets/application.js?body=1" for 0:0:0:0:0:0:0:1 at 2014-01-21 20:59:42 -0600


Started GET "/assets/fontawesome-webfont.woff" for 0:0:0:0:0:0:0:1 at 2014-01-21 20:59:43 -0600


Started GET "/home/index" for 0:0:0:0:0:0:0:1 at 2014-01-21 20:59:46 -0600
Processing by HomeController#index as HTML
  Rendered home/index.html.erb within layouts/application (3.0ms)
Completed 200 OK in 81ms (Views: 74.0ms | ActiveRecord: 0.0ms)


Started GET "/home/index" for 0:0:0:0:0:0:0:1 at 2014-01-21 20:59:48 -0600
Processing by HomeController#index as HTML
  Rendered home/index.html.erb within layouts/application (1.0ms)
Completed 200 OK in 72ms (Views: 65.0ms | ActiveRecord: 0.0ms)


Started GET "/home/index" for 0:0:0:0:0:0:0:1 at 2014-01-21 20:59:49 -0600
Processing by HomeController#index as HTML
  Rendered home/index.html.erb within layouts/application (0.0ms)
Completed 200 OK in 102ms (Views: 95.0ms | ActiveRecord: 0.0ms)


Started GET "/home/index" for 0:0:0:0:0:0:0:1 at 2014-01-21 20:59:50 -0600
Processing by HomeController#index as HTML
  Rendered home/index.html.erb within layouts/application (0.0ms)
Completed 200 OK in 80ms (Views: 76.0ms | ActiveRecord: 0.0ms)


Started GET "/assets/twitter-bootstrap-static/bootstrap.css?body=1" for 0:0:0:0:0:0:0:1 at 2014-01-21 20:59:51 -0600


Started GET "/assets/home.css?body=1" for 0:0:0:0:0:0:0:1 at 2014-01-21 20:59:51 -0600


Started GET "/assets/twitter-bootstrap-static/fontawesome.css?body=1" for 0:0:0:0:0:0:0:1 at 2014-01-21 20:59:51 -0600


Started GET "/assets/application.css?body=1" for 0:0:0:0:0:0:0:1 at 2014-01-21 20:59:51 -0600


Started GET "/assets/bootstrap_and_overrides.css?body=1" for 0:0:0:0:0:0:0:1 at 2014-01-21 20:59:51 -0600


Started GET "/assets/jquery.js?body=1" for 0:0:0:0:0:0:0:1 at 2014-01-21 20:59:51 -0600


Started GET "/assets/jquery_ujs.js?body=1" for 0:0:0:0:0:0:0:1 at 2014-01-21 20:59:51 -0600


Started GET "/assets/turbolinks.js?body=1" for 0:0:0:0:0:0:0:1 at 2014-01-21 20:59:51 -0600


Started GET "/assets/angular.js?body=1" for 0:0:0:0:0:0:0:1 at 2014-01-21 20:59:51 -0600


Started GET "/assets/bootstrap.js?body=1" for 0:0:0:0:0:0:0:1 at 2014-01-21 20:59:51 -0600


Started GET "/assets/controllers/main/mainIndexCtrl.js?body=1" for 0:0:0:0:0:0:0:1 at 2014-01-21 20:59:51 -0600


Started GET "/assets/home.js?body=1" for 0:0:0:0:0:0:0:1 at 2014-01-21 20:59:51 -0600


Started GET "/assets/application.js?body=1" for 0:0:0:0:0:0:0:1 at 2014-01-21 20:59:51 -0600


Started GET "/assets/fontawesome-webfont.woff" for 0:0:0:0:0:0:0:1 at 2014-01-21 20:59:52 -0600


Started GET "/home/index" for 0:0:0:0:0:0:0:1 at 2014-01-21 21:00:00 -0600
Processing by HomeController#index as HTML
  Rendered home/index.html.erb within layouts/application (0.0ms)
Completed 200 OK in 81ms (Views: 74.0ms | ActiveRecord: 0.0ms)


Started GET "/home/index" for 0:0:0:0:0:0:0:1 at 2014-01-21 21:00:02 -0600
Processing by HomeController#index as HTML
  Rendered home/index.html.erb within layouts/application (0.0ms)
Completed 200 OK in 84ms (Views: 80.0ms | ActiveRecord: 0.0ms)


Started GET "/home/index" for 0:0:0:0:0:0:0:1 at 2014-01-21 21:00:03 -0600
Processing by HomeController#index as HTML
  Rendered home/index.html.erb within layouts/application (1.0ms)
Completed 200 OK in 72ms (Views: 68.0ms | ActiveRecord: 0.0ms)


Started GET "/assets/twitter-bootstrap-static/bootstrap.css?body=1" for 0:0:0:0:0:0:0:1 at 2014-01-21 21:00:03 -0600


Started GET "/assets/bootstrap_and_overrides.css?body=1" for 0:0:0:0:0:0:0:1 at 2014-01-21 21:00:03 -0600


Started GET "/assets/home.css?body=1" for 0:0:0:0:0:0:0:1 at 2014-01-21 21:00:04 -0600


Started GET "/assets/application.css?body=1" for 0:0:0:0:0:0:0:1 at 2014-01-21 21:00:04 -0600


Started GET "/assets/twitter-bootstrap-static/fontawesome.css?body=1" for 0:0:0:0:0:0:0:1 at 2014-01-21 21:00:04 -0600


Started GET "/assets/jquery_ujs.js?body=1" for 0:0:0:0:0:0:0:1 at 2014-01-21 21:00:04 -0600


Started GET "/assets/jquery.js?body=1" for 0:0:0:0:0:0:0:1 at 2014-01-21 21:00:04 -0600


Started GET "/assets/turbolinks.js?body=1" for 0:0:0:0:0:0:0:1 at 2014-01-21 21:00:04 -0600


Started GET "/assets/angular.js?body=1" for 0:0:0:0:0:0:0:1 at 2014-01-21 21:00:04 -0600


Started GET "/assets/bootstrap.js?body=1" for 0:0:0:0:0:0:0:1 at 2014-01-21 21:00:04 -0600


Started GET "/assets/controllers/main/mainIndexCtrl.js?body=1" for 0:0:0:0:0:0:0:1 at 2014-01-21 21:00:04 -0600


Started GET "/assets/home.js?body=1" for 0:0:0:0:0:0:0:1 at 2014-01-21 21:00:04 -0600


Started GET "/assets/application.js?body=1" for 0:0:0:0:0:0:0:1 at 2014-01-21 21:00:04 -0600


Started GET "/assets/fontawesome-webfont.woff" for 0:0:0:0:0:0:0:1 at 2014-01-21 21:00:04 -0600


Started GET "/home/index" for 0:0:0:0:0:0:0:1 at 2014-01-21 21:02:01 -0600
Processing by HomeController#index as HTML
  Rendered home/index.html.erb within layouts/application (1.0ms)
Completed 200 OK in 86ms (Views: 80.0ms | ActiveRecord: 0.0ms)


Started GET "/home/index" for 0:0:0:0:0:0:0:1 at 2014-01-21 21:02:03 -0600
Processing by HomeController#index as HTML
  Rendered home/index.html.erb within layouts/application (1.0ms)
Completed 200 OK in 118ms (Views: 108.0ms | ActiveRecord: 0.0ms)


Started GET "/home/index" for 0:0:0:0:0:0:0:1 at 2014-01-21 21:02:04 -0600
Processing by HomeController#index as HTML
  Rendered home/index.html.erb within layouts/application (0.0ms)
Completed 200 OK in 101ms (Views: 94.0ms | ActiveRecord: 0.0ms)


Started GET "/home/index" for 0:0:0:0:0:0:0:1 at 2014-01-21 21:02:06 -0600
Processing by HomeController#index as HTML
  Rendered home/index.html.erb within layouts/application (1.0ms)
Completed 200 OK in 71ms (Views: 66.0ms | ActiveRecord: 0.0ms)


Started GET "/assets/twitter-bootstrap-static/bootstrap.css?body=1" for 0:0:0:0:0:0:0:1 at 2014-01-21 21:02:06 -0600


Started GET "/assets/twitter-bootstrap-static/fontawesome.css?body=1" for 0:0:0:0:0:0:0:1 at 2014-01-21 21:02:06 -0600


Started GET "/assets/bootstrap_and_overrides.css?body=1" for 0:0:0:0:0:0:0:1 at 2014-01-21 21:02:06 -0600


Started GET "/assets/application.css?body=1" for 0:0:0:0:0:0:0:1 at 2014-01-21 21:02:06 -0600


Started GET "/assets/home.css?body=1" for 0:0:0:0:0:0:0:1 at 2014-01-21 21:02:06 -0600


Started GET "/assets/jquery.js?body=1" for 0:0:0:0:0:0:0:1 at 2014-01-21 21:02:06 -0600


Started GET "/assets/jquery_ujs.js?body=1" for 0:0:0:0:0:0:0:1 at 2014-01-21 21:02:06 -0600


Started GET "/assets/turbolinks.js?body=1" for 0:0:0:0:0:0:0:1 at 2014-01-21 21:02:06 -0600


Started GET "/assets/angular.js?body=1" for 0:0:0:0:0:0:0:1 at 2014-01-21 21:02:06 -0600


Started GET "/assets/bootstrap.js?body=1" for 0:0:0:0:0:0:0:1 at 2014-01-21 21:02:06 -0600


Started GET "/assets/controllers/main/mainIndexCtrl.js?body=1" for 0:0:0:0:0:0:0:1 at 2014-01-21 21:02:06 -0600


Started GET "/assets/home.js?body=1" for 0:0:0:0:0:0:0:1 at 2014-01-21 21:02:06 -0600


Started GET "/assets/application.js?body=1" for 0:0:0:0:0:0:0:1 at 2014-01-21 21:02:06 -0600


Started GET "/assets/fontawesome-webfont.woff" for 0:0:0:0:0:0:0:1 at 2014-01-21 21:02:06 -0600


Started GET "/home/index" for 0:0:0:0:0:0:0:1 at 2014-01-21 21:02:10 -0600
Processing by HomeController#index as HTML
  Rendered home/index.html.erb within layouts/application (0.0ms)
Completed 200 OK in 64ms (Views: 59.0ms | ActiveRecord: 0.0ms)


Started GET "/home/index" for 0:0:0:0:0:0:0:1 at 2014-01-21 21:02:59 -0600
Processing by HomeController#index as HTML
  Rendered home/index.html.erb within layouts/application (2.0ms)
Completed 200 OK in 91ms (Views: 83.0ms | ActiveRecord: 0.0ms)


Started GET "/assets/bootstrap_and_overrides.css?body=1" for 0:0:0:0:0:0:0:1 at 2014-01-21 21:03:00 -0600


Started GET "/assets/twitter-bootstrap-static/bootstrap.css?body=1" for 0:0:0:0:0:0:0:1 at 2014-01-21 21:03:00 -0600


Started GET "/assets/jquery.js?body=1" for 0:0:0:0:0:0:0:1 at 2014-01-21 21:03:00 -0600


Started GET "/assets/twitter-bootstrap-static/fontawesome.css?body=1" for 0:0:0:0:0:0:0:1 at 2014-01-21 21:03:00 -0600


Started GET "/assets/application.css?body=1" for 0:0:0:0:0:0:0:1 at 2014-01-21 21:03:00 -0600


Started GET "/assets/home.css?body=1" for 0:0:0:0:0:0:0:1 at 2014-01-21 21:03:00 -0600


Started GET "/assets/jquery_ujs.js?body=1" for 0:0:0:0:0:0:0:1 at 2014-01-21 21:03:00 -0600


Started GET "/assets/turbolinks.js?body=1" for 0:0:0:0:0:0:0:1 at 2014-01-21 21:03:00 -0600


Started GET "/assets/angular.js?body=1" for 0:0:0:0:0:0:0:1 at 2014-01-21 21:03:00 -0600


Started GET "/assets/bootstrap.js?body=1" for 0:0:0:0:0:0:0:1 at 2014-01-21 21:03:00 -0600


Started GET "/assets/controllers/main/mainIndexCtrl.js?body=1" for 0:0:0:0:0:0:0:1 at 2014-01-21 21:03:00 -0600


Started GET "/assets/home.js?body=1" for 0:0:0:0:0:0:0:1 at 2014-01-21 21:03:00 -0600


Started GET "/assets/application.js?body=1" for 0:0:0:0:0:0:0:1 at 2014-01-21 21:03:00 -0600


Started GET "/assets/fontawesome-webfont.woff" for 0:0:0:0:0:0:0:1 at 2014-01-21 21:03:00 -0600


Started GET "/home/index" for 0:0:0:0:0:0:0:1 at 2014-01-22 13:03:21 -0600
Processing by HomeController#index as HTML
  Rendered home/index.html.erb within layouts/application (0.0ms)
Completed 200 OK in 89ms (Views: 78.0ms | ActiveRecord: 0.0ms)


Started GET "/assets/twitter-bootstrap-static/bootstrap.css?body=1" for 0:0:0:0:0:0:0:1 at 2014-01-22 13:03:22 -0600


Started GET "/assets/jquery.js?body=1" for 0:0:0:0:0:0:0:1 at 2014-01-22 13:03:22 -0600


Started GET "/assets/home.css?body=1" for 0:0:0:0:0:0:0:1 at 2014-01-22 13:03:22 -0600


Started GET "/assets/bootstrap_and_overrides.css?body=1" for 0:0:0:0:0:0:0:1 at 2014-01-22 13:03:22 -0600


Started GET "/assets/twitter-bootstrap-static/fontawesome.css?body=1" for 0:0:0:0:0:0:0:1 at 2014-01-22 13:03:22 -0600


Started GET "/assets/application.css?body=1" for 0:0:0:0:0:0:0:1 at 2014-01-22 13:03:22 -0600


Started GET "/assets/jquery_ujs.js?body=1" for 0:0:0:0:0:0:0:1 at 2014-01-22 13:03:22 -0600


Started GET "/assets/turbolinks.js?body=1" for 0:0:0:0:0:0:0:1 at 2014-01-22 13:03:22 -0600


Started GET "/assets/angular.js?body=1" for 0:0:0:0:0:0:0:1 at 2014-01-22 13:03:22 -0600


Started GET "/assets/bootstrap.js?body=1" for 0:0:0:0:0:0:0:1 at 2014-01-22 13:03:22 -0600


Started GET "/assets/controllers/main/mainIndexCtrl.js?body=1" for 0:0:0:0:0:0:0:1 at 2014-01-22 13:03:22 -0600


Started GET "/assets/home.js?body=1" for 0:0:0:0:0:0:0:1 at 2014-01-22 13:03:22 -0600


Started GET "/assets/application.js?body=1" for 0:0:0:0:0:0:0:1 at 2014-01-22 13:03:22 -0600


Started GET "/assets/fontawesome-webfont.woff" for 0:0:0:0:0:0:0:1 at 2014-01-22 13:03:22 -0600


Started GET "/home/index" for 0:0:0:0:0:0:0:1 at 2014-01-22 13:03:35 -0600
Processing by HomeController#index as HTML
  Rendered home/index.html.erb within layouts/application (0.0ms)
Completed 200 OK in 65ms (Views: 61.0ms | ActiveRecord: 0.0ms)


Started GET "/home/index" for 0:0:0:0:0:0:0:1 at 2014-01-22 13:03:38 -0600
Processing by HomeController#index as HTML
  Rendered home/index.html.erb within layouts/application (1.0ms)
Completed 200 OK in 72ms (Views: 67.0ms | ActiveRecord: 0.0ms)


Started GET "/home/index" for 0:0:0:0:0:0:0:1 at 2014-01-22 13:03:39 -0600
Processing by HomeController#index as HTML
  Rendered home/index.html.erb within layouts/application (1.0ms)
Completed 200 OK in 95ms (Views: 90.0ms | ActiveRecord: 0.0ms)


Started GET "/assets/twitter-bootstrap-static/fontawesome.css?body=1" for 0:0:0:0:0:0:0:1 at 2014-01-22 13:03:39 -0600


Started GET "/assets/bootstrap_and_overrides.css?body=1" for 0:0:0:0:0:0:0:1 at 2014-01-22 13:03:39 -0600


Started GET "/assets/home.css?body=1" for 0:0:0:0:0:0:0:1 at 2014-01-22 13:03:39 -0600


Started GET "/assets/application.css?body=1" for 0:0:0:0:0:0:0:1 at 2014-01-22 13:03:40 -0600


Started GET "/assets/twitter-bootstrap-static/bootstrap.css?body=1" for 0:0:0:0:0:0:0:1 at 2014-01-22 13:03:40 -0600


Started GET "/assets/jquery.js?body=1" for 0:0:0:0:0:0:0:1 at 2014-01-22 13:03:40 -0600


Started GET "/assets/jquery_ujs.js?body=1" for 0:0:0:0:0:0:0:1 at 2014-01-22 13:03:40 -0600


Started GET "/assets/turbolinks.js?body=1" for 0:0:0:0:0:0:0:1 at 2014-01-22 13:03:40 -0600


Started GET "/assets/angular.js?body=1" for 0:0:0:0:0:0:0:1 at 2014-01-22 13:03:40 -0600


Started GET "/assets/bootstrap.js?body=1" for 0:0:0:0:0:0:0:1 at 2014-01-22 13:03:40 -0600


Started GET "/assets/controllers/main/mainIndexCtrl.js?body=1" for 0:0:0:0:0:0:0:1 at 2014-01-22 13:03:40 -0600


Started GET "/assets/home.js?body=1" for 0:0:0:0:0:0:0:1 at 2014-01-22 13:03:40 -0600


Started GET "/assets/application.js?body=1" for 0:0:0:0:0:0:0:1 at 2014-01-22 13:03:40 -0600


Started GET "/assets/fontawesome-webfont.woff" for 0:0:0:0:0:0:0:1 at 2014-01-22 13:03:40 -0600


Started GET "/home/index" for 0:0:0:0:0:0:0:1 at 2014-01-22 16:33:28 -0600
Processing by HomeController#index as HTML
  Rendered home/index.html.erb within layouts/application (0.0ms)
Completed 200 OK in 126ms (Views: 123.0ms | ActiveRecord: 0.0ms)


Started GET "/assets/twitter-bootstrap-static/bootstrap.css?body=1" for 0:0:0:0:0:0:0:1 at 2014-01-22 16:33:28 -0600


Started GET "/assets/twitter-bootstrap-static/fontawesome.css?body=1" for 0:0:0:0:0:0:0:1 at 2014-01-22 16:33:28 -0600


Started GET "/assets/jquery.js?body=1" for 0:0:0:0:0:0:0:1 at 2014-01-22 16:33:28 -0600


Started GET "/assets/application.css?body=1" for 0:0:0:0:0:0:0:1 at 2014-01-22 16:33:29 -0600


Started GET "/assets/home.css?body=1" for 0:0:0:0:0:0:0:1 at 2014-01-22 16:33:29 -0600


Started GET "/assets/bootstrap_and_overrides.css?body=1" for 0:0:0:0:0:0:0:1 at 2014-01-22 16:33:29 -0600


Started GET "/assets/jquery_ujs.js?body=1" for 0:0:0:0:0:0:0:1 at 2014-01-22 16:33:29 -0600


Started GET "/assets/turbolinks.js?body=1" for 0:0:0:0:0:0:0:1 at 2014-01-22 16:33:29 -0600


Started GET "/assets/angular.js?body=1" for 0:0:0:0:0:0:0:1 at 2014-01-22 16:33:29 -0600


Started GET "/assets/bootstrap.js?body=1" for 0:0:0:0:0:0:0:1 at 2014-01-22 16:33:29 -0600


Started GET "/assets/controllers/main/mainIndexCtrl.js?body=1" for 0:0:0:0:0:0:0:1 at 2014-01-22 16:33:29 -0600


Started GET "/assets/home.js?body=1" for 0:0:0:0:0:0:0:1 at 2014-01-22 16:33:29 -0600


Started GET "/assets/application.js?body=1" for 0:0:0:0:0:0:0:1 at 2014-01-22 16:33:29 -0600


Started GET "/" for 0:0:0:0:0:0:0:1 at 2014-05-12 11:02:39 -0500
Processing by Rails::WelcomeController#index as HTML
  Rendered C:/jruby-1.7.10/lib/ruby/gems/shared/gems/railties-4.1.0.beta1/lib/rails/templates/rails/welcome/index.html.erb (56.0ms)
Completed 200 OK in 2154ms (Views: 250.0ms | ActiveRecord: 0.0ms)
  [1m[36m (20.0ms)[0m  [1mSELECT name FROM sqlite_master WHERE type = 'table' AND name = "schema_migrations"[0m
  [1m[35m (23.0ms)[0m  CREATE TABLE "schema_migrations" ("version" varchar(255) NOT NULL) 
  [1m[36m (5.0ms)[0m  [1mCREATE UNIQUE INDEX "unique_schema_migrations" ON "schema_migrations" ("version")[0m
  [1m[35mActiveRecord::SchemaMigration Load (2.0ms)[0m  SELECT "schema_migrations".* FROM "schema_migrations"
Migrating to Createmeta (20140725142058)
  [1m[36m (2.0ms)[0m  [1mCREATE TABLE "mdm_datatypes" ("id" integer PRIMARY KEY AUTOINCREMENT NOT NULL, "name" varchar(255), "precision" varchar(255), "scale" varchar(255)) [0m
  [1m[35m (0.0ms)[0m  CREATE TABLE "mdm_columns" ("id" integer PRIMARY KEY AUTOINCREMENT NOT NULL, "name" varchar(255), "mdm_datatype_id" integer, "mdm_object_id" integer) 
  [1m[36m (0.0ms)[0m  [1mCREATE TABLE "mdm_primary_keys" ("id" integer PRIMARY KEY AUTOINCREMENT NOT NULL, "mdm_column_id" integer, "mdm_object" integer) [0m
  [1m[35m (1.0ms)[0m  CREATE TABLE "mdm_foreign_keys" ("id" integer PRIMARY KEY AUTOINCREMENT NOT NULL, "mdm_column_id" integer, "mdm_object" integer) 
  [1m[36m (0.0ms)[0m  [1mCREATE TABLE "mdm_objects" ("id" integer PRIMARY KEY AUTOINCREMENT NOT NULL, "name" varchar(255), "mdm_model_id" integer) [0m
  [1m[36m (5.0ms)[0m  [1mSELECT name FROM sqlite_master WHERE type = 'table' AND name = "schema_migrations"[0m
  [1m[35mActiveRecord::SchemaMigration Load (2.0ms)[0m  SELECT "schema_migrations".* FROM "schema_migrations"
Migrating to Createmeta (20140725142058)
  [1m[36m (5.0ms)[0m  [1mCREATE TABLE "mdm_datatypes" ("id" integer PRIMARY KEY AUTOINCREMENT NOT NULL, "name" varchar(255), "precision" varchar(255), "scale" varchar(255)) [0m
  [1m[35m (0.0ms)[0m  CREATE TABLE "mdm_columns" ("id" integer PRIMARY KEY AUTOINCREMENT NOT NULL, "name" varchar(255), "mdm_datatype_id" integer, "mdm_object_id" integer) 
  [1m[36m (1.0ms)[0m  [1mCREATE TABLE "mdm_primary_keys" ("id" integer PRIMARY KEY AUTOINCREMENT NOT NULL, "mdm_column_id" integer, "mdm_object" integer) [0m
  [1m[35m (0.0ms)[0m  CREATE TABLE "mdm_foreign_keys" ("id" integer PRIMARY KEY AUTOINCREMENT NOT NULL, "mdm_column_id" integer, "mdm_object" integer) 
  [1m[36m (1.0ms)[0m  [1mCREATE TABLE "mdm_objects" ("id" integer PRIMARY KEY AUTOINCREMENT NOT NULL, "name" varchar(255), "mdm_model_id" integer) [0m
  [1m[35m (1.0ms)[0m  CREATE TABLE "mdm_models" ("id" integer PRIMARY KEY AUTOINCREMENT NOT NULL, "name" varchar(255)) 
  [1m[36m (0.0ms)[0m  [1mSELECT name FROM sqlite_master WHERE type = 'table' AND name = "schema_migrations"[0m
  [1m[35m (1.0ms)[0m  SELECT name FROM sqlite_master WHERE type = 'table' AND name = "schema_migrations"
  [1m[36mSQL (0.0ms)[0m  [1mINSERT INTO "schema_migrations" ("version") VALUES ('20140725142058')[0m
  [1m[35m (1.0ms)[0m  SELECT name FROM sqlite_master WHERE type = 'table' AND name = "schema_migrations"
  [1m[36mActiveRecord::SchemaMigration Load (1.0ms)[0m  [1mSELECT "schema_migrations".* FROM "schema_migrations"[0m
  [1m[35m (1.0ms)[0m  SELECT name FROM sqlite_master WHERE type = 'table' AND NOT name = 'sqlite_sequence'
ActiveRecord::JDBCError: query does not return ResultSet: PRAGMA table_info("mdm_data_types")
  [1m[36m (6.0ms)[0m  [1mSELECT name FROM sqlite_master WHERE type = 'table' AND name = "schema_migrations"[0m
  [1m[35mActiveRecord::SchemaMigration Load (2.0ms)[0m  SELECT "schema_migrations".* FROM "schema_migrations"
  [1m[36m (1.0ms)[0m  [1mSELECT name FROM sqlite_master WHERE type = 'table' AND name = "schema_migrations"[0m
  [1m[35m (1.0ms)[0m  SELECT name FROM sqlite_master WHERE type = 'table' AND name = "schema_migrations"
  [1m[36m (1.0ms)[0m  [1mSELECT name FROM sqlite_master WHERE type = 'table' AND name = "schema_migrations"[0m
  [1m[35mActiveRecord::SchemaMigration Load (1.0ms)[0m  SELECT "schema_migrations".* FROM "schema_migrations"
Migrating to Createmeta (20140725142058)
  [1m[36m (5.0ms)[0m  [1mDROP TABLE "mdm_datatypes"[0m
  [1m[35m (2.0ms)[0m  DROP TABLE "mdm_columns"
  [1m[36m (1.0ms)[0m  [1mDROP TABLE "mdm_objects"[0m
  [1m[35m (1.0ms)[0m  DROP TABLE "mdm_models"
  [1m[36m (1.0ms)[0m  [1mDROP TABLE "mdm_primary_keys"[0m
  [1m[35m (0.0ms)[0m  DROP TABLE "mdm_foreign_keys"
  [1m[36mSQL (14.0ms)[0m  [1mDELETE FROM "schema_migrations" WHERE "schema_migrations"."version" = '20140725142058'[0m
  [1m[35m (1.0ms)[0m  SELECT name FROM sqlite_master WHERE type = 'table' AND name = "schema_migrations"
  [1m[36mActiveRecord::SchemaMigration Load (1.0ms)[0m  [1mSELECT "schema_migrations".* FROM "schema_migrations"[0m
  [1m[35m (0.0ms)[0m  SELECT name FROM sqlite_master WHERE type = 'table' AND NOT name = 'sqlite_sequence'
  [1m[36m (7.0ms)[0m  [1mSELECT name FROM sqlite_master WHERE type = 'table' AND name = "schema_migrations"[0m
  [1m[35mActiveRecord::SchemaMigration Load (2.0ms)[0m  SELECT "schema_migrations".* FROM "schema_migrations"
Migrating to Createmeta (20140725142058)
  [1m[36m (4.0ms)[0m  [1mCREATE TABLE "mdm_data_types" ("id" integer PRIMARY KEY AUTOINCREMENT NOT NULL, "name" varchar(255), "precision" varchar(255), "scale" varchar(255)) [0m
  [1m[35m (0.0ms)[0m  CREATE TABLE "mdm_columns" ("id" integer PRIMARY KEY AUTOINCREMENT NOT NULL, "name" varchar(255), "mdm_data_type_id" integer, "mdm_object_id" integer) 
  [1m[36m (1.0ms)[0m  [1mCREATE TABLE "mdm_primary_keys" ("id" integer PRIMARY KEY AUTOINCREMENT NOT NULL, "mdm_column_id" integer, "mdm_object" integer) [0m
  [1m[35m (0.0ms)[0m  CREATE TABLE "mdm_foreign_keys" ("id" integer PRIMARY KEY AUTOINCREMENT NOT NULL, "mdm_column_id" integer, "mdm_object" integer) 
  [1m[36m (0.0ms)[0m  [1mCREATE TABLE "mdm_objects" ("id" integer PRIMARY KEY AUTOINCREMENT NOT NULL, "name" varchar(255), "mdm_model_id" integer) [0m
  [1m[35m (1.0ms)[0m  CREATE TABLE "mdm_models" ("id" integer PRIMARY KEY AUTOINCREMENT NOT NULL, "name" varchar(255)) 
  [1m[36m (1.0ms)[0m  [1mSELECT name FROM sqlite_master WHERE type = 'table' AND name = "schema_migrations"[0m
  [1m[35m (1.0ms)[0m  SELECT name FROM sqlite_master WHERE type = 'table' AND name = "schema_migrations"
  [1m[36mSQL (1.0ms)[0m  [1mINSERT INTO "schema_migrations" ("version") VALUES ('20140725142058')[0m
  [1m[35m (0.0ms)[0m  SELECT name FROM sqlite_master WHERE type = 'table' AND name = "schema_migrations"
  [1m[36mActiveRecord::SchemaMigration Load (1.0ms)[0m  [1mSELECT "schema_migrations".* FROM "schema_migrations"[0m
  [1m[35m (0.0ms)[0m  SELECT name FROM sqlite_master WHERE type = 'table' AND NOT name = 'sqlite_sequence'
  [1m[36m (0.0ms)[0m  [1mSELECT name FROM sqlite_master WHERE type = 'table' AND name = "mdm_data_types"[0m
  [1m[35mSQL (4.0ms)[0m  INSERT INTO "mdm_data_types" ("name") VALUES ('String')
  [1m[36m (6.0ms)[0m  [1mSELECT name FROM sqlite_master WHERE type = 'table' AND name = "schema_migrations"[0m
  [1m[35mActiveRecord::SchemaMigration Load (1.0ms)[0m  SELECT "schema_migrations".* FROM "schema_migrations"
  [1m[36m (0.0ms)[0m  [1mSELECT name FROM sqlite_master WHERE type = 'table' AND name = "schema_migrations"[0m
  [1m[35m (1.0ms)[0m  SELECT name FROM sqlite_master WHERE type = 'table' AND name = "schema_migrations"
  [1m[36m (1.0ms)[0m  [1mSELECT name FROM sqlite_master WHERE type = 'table' AND name = "schema_migrations"[0m
  [1m[35mActiveRecord::SchemaMigration Load (0.0ms)[0m  SELECT "schema_migrations".* FROM "schema_migrations"
Migrating to Createmeta (20140725142058)
  [1m[36m (4.0ms)[0m  [1mDROP TABLE "mdm_data_types"[0m
  [1m[35m (2.0ms)[0m  DROP TABLE "mdm_columns"
  [1m[36m (1.0ms)[0m  [1mDROP TABLE "mdm_objects"[0m
  [1m[35m (0.0ms)[0m  DROP TABLE "mdm_models"
  [1m[36m (1.0ms)[0m  [1mDROP TABLE "mdm_primary_keys"[0m
  [1m[35m (1.0ms)[0m  DROP TABLE "mdm_foreign_keys"
  [1m[36mSQL (4.0ms)[0m  [1mDELETE FROM "schema_migrations" WHERE "schema_migrations"."version" = '20140725142058'[0m
  [1m[35m (1.0ms)[0m  SELECT name FROM sqlite_master WHERE type = 'table' AND name = "schema_migrations"
  [1m[36mActiveRecord::SchemaMigration Load (0.0ms)[0m  [1mSELECT "schema_migrations".* FROM "schema_migrations"[0m
  [1m[35m (0.0ms)[0m  SELECT name FROM sqlite_master WHERE type = 'table' AND NOT name = 'sqlite_sequence'
  [1m[36m (8.0ms)[0m  [1mSELECT name FROM sqlite_master WHERE type = 'table' AND name = "schema_migrations"[0m
  [1m[35mActiveRecord::SchemaMigration Load (2.0ms)[0m  SELECT "schema_migrations".* FROM "schema_migrations"
Migrating to Createmeta (20140725142058)
  [1m[36m (7.0ms)[0m  [1mCREATE TABLE "mdm_data_types" ("id" integer PRIMARY KEY AUTOINCREMENT NOT NULL, "name" varchar(255), "sql_type" varchar(255)) [0m
  [1m[35m (0.0ms)[0m  CREATE TABLE "mdm_columns" ("id" integer PRIMARY KEY AUTOINCREMENT NOT NULL, "name" varchar(255), "mdm_data_type_id" integer, "mdm_object_id" integer, "precision" varchar(255), "scale" varchar(255)) 
  [1m[36m (0.0ms)[0m  [1mCREATE TABLE "mdm_primary_keys" ("id" integer PRIMARY KEY AUTOINCREMENT NOT NULL, "mdm_column_id" integer, "mdm_object" integer) [0m
  [1m[35m (1.0ms)[0m  CREATE TABLE "mdm_foreign_keys" ("id" integer PRIMARY KEY AUTOINCREMENT NOT NULL, "mdm_column_id" integer, "mdm_object" integer) 
  [1m[36m (1.0ms)[0m  [1mCREATE TABLE "mdm_objects" ("id" integer PRIMARY KEY AUTOINCREMENT NOT NULL, "name" varchar(255), "mdm_model_id" integer) [0m
  [1m[35m (0.0ms)[0m  CREATE TABLE "mdm_models" ("id" integer PRIMARY KEY AUTOINCREMENT NOT NULL, "name" varchar(255)) 
  [1m[36m (0.0ms)[0m  [1mSELECT name FROM sqlite_master WHERE type = 'table' AND name = "schema_migrations"[0m
  [1m[35m (0.0ms)[0m  SELECT name FROM sqlite_master WHERE type = 'table' AND name = "schema_migrations"
  [1m[36mSQL (1.0ms)[0m  [1mINSERT INTO "schema_migrations" ("version") VALUES ('20140725142058')[0m
  [1m[35m (1.0ms)[0m  SELECT name FROM sqlite_master WHERE type = 'table' AND name = "schema_migrations"
  [1m[36mActiveRecord::SchemaMigration Load (1.0ms)[0m  [1mSELECT "schema_migrations".* FROM "schema_migrations"[0m
  [1m[35m (1.0ms)[0m  SELECT name FROM sqlite_master WHERE type = 'table' AND NOT name = 'sqlite_sequence'
